2025-09-04 11:23:43,982 INFO notifyConnectTimeout:100

2025-09-04 11:23:43,988 INFO notifySocketTimeout:200

2025-09-04 11:23:43,988 INFO isHealthCheck:true

2025-09-04 11:23:43,989 INFO maxHealthCheckFailCount:12

2025-09-04 11:23:43,990 INFO maxContent:10485760

2025-09-04 11:23:53,997 INFO All dump page size is set to 100 according to mem limit 1024 MB

2025-09-04 11:23:54,005 WARN DumpService start

2025-09-04 11:23:54,006 INFO start clear all config-info.

2025-09-04 11:23:54,010 INFO clear all config-info success.

2025-09-04 11:23:54,012 INFO clear all config-info-tenant success.

2025-09-04 11:23:54,067 INFO start dump all config-info...

2025-09-04 11:23:54,067 INFO success to  dump all config-info。

2025-09-04 11:23:54,068 INFO start to clear all gray-config-info on startup.

2025-09-04 11:23:54,069 INFO clear all config-info-gray success.

2025-09-04 11:23:54,069 INFO clear all config-info-gray-tenant success.

2025-09-04 11:24:00,757 INFO notifyConnectTimeout:100

2025-09-04 11:24:00,757 INFO notifySocketTimeout:200

2025-09-04 11:24:00,758 INFO isHealthCheck:true

2025-09-04 11:24:00,759 INFO maxHealthCheckFailCount:12

2025-09-04 11:24:00,759 INFO maxContent:10485760

2025-09-04 11:24:03,818 INFO notifyConnectTimeout:100

2025-09-04 11:24:03,819 INFO notifySocketTimeout:200

2025-09-04 11:24:03,819 INFO isHealthCheck:true

2025-09-04 11:24:03,820 INFO maxHealthCheckFailCount:12

2025-09-04 11:24:03,820 INFO maxContent:10485760

2025-09-04 11:27:22,746 INFO notifyConnectTimeout:100

2025-09-04 11:27:22,751 INFO notifySocketTimeout:200

2025-09-04 11:27:22,751 INFO isHealthCheck:true

2025-09-04 11:27:22,752 INFO maxHealthCheckFailCount:12

2025-09-04 11:27:22,753 INFO maxContent:10485760

2025-09-04 11:27:31,215 INFO All dump page size is set to 100 according to mem limit 1024 MB

2025-09-04 11:27:31,222 WARN DumpService start

2025-09-04 11:27:31,223 INFO start clear all config-info.

2025-09-04 11:27:31,227 INFO clear all config-info success.

2025-09-04 11:27:31,228 INFO clear all config-info-tenant success.

2025-09-04 11:27:31,247 INFO start dump all config-info...

2025-09-04 11:27:31,252 INFO success to  dump all config-info。

2025-09-04 11:27:31,258 INFO start to clear all gray-config-info on startup.

2025-09-04 11:27:31,259 INFO clear all config-info-gray success.

2025-09-04 11:27:31,260 INFO clear all config-info-gray-tenant success.

2025-09-04 11:27:37,662 INFO notifyConnectTimeout:100

2025-09-04 11:27:37,663 INFO notifySocketTimeout:200

2025-09-04 11:27:37,664 INFO isHealthCheck:true

2025-09-04 11:27:37,664 INFO maxHealthCheckFailCount:12

2025-09-04 11:27:37,665 INFO maxContent:10485760

2025-09-04 11:27:41,766 INFO notifyConnectTimeout:100

2025-09-04 11:27:41,767 INFO notifySocketTimeout:200

2025-09-04 11:27:41,767 INFO isHealthCheck:true

2025-09-04 11:27:41,768 INFO maxHealthCheckFailCount:12

2025-09-04 11:27:41,768 INFO maxContent:10485760

2025-09-04 11:34:25,846 INFO notifyConnectTimeout:100

2025-09-04 11:34:25,850 INFO notifySocketTimeout:200

2025-09-04 11:34:25,851 INFO isHealthCheck:true

2025-09-04 11:34:25,851 INFO maxHealthCheckFailCount:12

2025-09-04 11:34:25,852 INFO maxContent:10485760

2025-09-04 11:34:34,981 INFO All dump page size is set to 100 according to mem limit 1024 MB

2025-09-04 11:34:34,997 WARN DumpService start

2025-09-04 11:34:34,998 INFO start clear all config-info.

2025-09-04 11:34:35,002 INFO clear all config-info success.

2025-09-04 11:34:35,003 INFO clear all config-info-tenant success.

2025-09-04 11:34:35,021 INFO start dump all config-info...

2025-09-04 11:34:35,022 INFO success to  dump all config-info。

2025-09-04 11:34:35,023 INFO start to clear all gray-config-info on startup.

2025-09-04 11:34:35,023 INFO clear all config-info-gray success.

2025-09-04 11:34:35,024 INFO clear all config-info-gray-tenant success.

2025-09-04 11:34:40,191 INFO notifyConnectTimeout:100

2025-09-04 11:34:40,191 INFO notifySocketTimeout:200

2025-09-04 11:34:40,192 INFO isHealthCheck:true

2025-09-04 11:34:40,197 INFO maxHealthCheckFailCount:12

2025-09-04 11:34:40,197 INFO maxContent:10485760

2025-09-04 11:34:44,430 INFO notifyConnectTimeout:100

2025-09-04 11:34:44,431 INFO notifySocketTimeout:200

2025-09-04 11:34:44,431 INFO isHealthCheck:true

2025-09-04 11:34:44,431 INFO maxHealthCheckFailCount:12

2025-09-04 11:34:44,432 INFO maxContent:10485760

2025-09-04 11:44:12,340 INFO notifyConnectTimeout:100

2025-09-04 11:44:12,344 INFO notifySocketTimeout:200

2025-09-04 11:44:12,345 INFO isHealthCheck:true

2025-09-04 11:44:12,346 INFO maxHealthCheckFailCount:12

2025-09-04 11:44:12,346 INFO maxContent:10485760

2025-09-04 11:44:20,603 INFO All dump page size is set to 100 according to mem limit 1024 MB

2025-09-04 11:44:20,609 WARN DumpService start

2025-09-04 11:44:20,610 INFO start clear all config-info.

2025-09-04 11:44:20,613 INFO clear all config-info success.

2025-09-04 11:44:20,614 INFO clear all config-info-tenant success.

2025-09-04 11:44:20,627 INFO start dump all config-info...

2025-09-04 11:44:20,628 INFO success to  dump all config-info。

2025-09-04 11:44:20,629 INFO start to clear all gray-config-info on startup.

2025-09-04 11:44:20,629 INFO clear all config-info-gray success.

2025-09-04 11:44:20,630 INFO clear all config-info-gray-tenant success.

2025-09-04 11:44:27,139 INFO notifyConnectTimeout:100

2025-09-04 11:44:27,143 INFO notifySocketTimeout:200

2025-09-04 11:44:27,143 INFO isHealthCheck:true

2025-09-04 11:44:27,144 INFO maxHealthCheckFailCount:12

2025-09-04 11:44:27,144 INFO maxContent:10485760

2025-09-04 11:44:31,067 INFO notifyConnectTimeout:100

2025-09-04 11:44:31,067 INFO notifySocketTimeout:200

2025-09-04 11:44:31,068 INFO isHealthCheck:true

2025-09-04 11:44:31,069 INFO maxHealthCheckFailCount:12

2025-09-04 11:44:31,069 INFO maxContent:10485760

2025-09-04 11:52:02,305 INFO notifyConnectTimeout:100

2025-09-04 11:52:02,313 INFO notifySocketTimeout:200

2025-09-04 11:52:02,314 INFO isHealthCheck:true

2025-09-04 11:52:02,315 INFO maxHealthCheckFailCount:12

2025-09-04 11:52:02,316 INFO maxContent:10485760

2025-09-04 11:52:11,799 INFO All dump page size is set to 100 according to mem limit 1024 MB

2025-09-04 11:52:11,805 WARN DumpService start

2025-09-04 11:52:11,807 INFO start clear all config-info.

2025-09-04 11:52:11,812 INFO clear all config-info success.

2025-09-04 11:52:11,813 INFO clear all config-info-tenant success.

2025-09-04 11:52:11,829 INFO start dump all config-info...

2025-09-04 11:52:11,830 INFO success to  dump all config-info。

2025-09-04 11:52:11,831 INFO start to clear all gray-config-info on startup.

2025-09-04 11:52:11,832 INFO clear all config-info-gray success.

2025-09-04 11:52:11,832 INFO clear all config-info-gray-tenant success.

2025-09-04 11:52:18,246 INFO notifyConnectTimeout:100

2025-09-04 11:52:18,247 INFO notifySocketTimeout:200

2025-09-04 11:52:18,247 INFO isHealthCheck:true

2025-09-04 11:52:18,248 INFO maxHealthCheckFailCount:12

2025-09-04 11:52:18,249 INFO maxContent:10485760

2025-09-04 11:52:21,915 INFO notifyConnectTimeout:100

2025-09-04 11:52:21,916 INFO notifySocketTimeout:200

2025-09-04 11:52:21,916 INFO isHealthCheck:true

2025-09-04 11:52:21,917 INFO maxHealthCheckFailCount:12

2025-09-04 11:52:21,917 INFO maxContent:10485760

2025-09-04 11:57:27,094 INFO notifyConnectTimeout:100

2025-09-04 11:57:27,099 INFO notifySocketTimeout:200

2025-09-04 11:57:27,100 INFO isHealthCheck:true

2025-09-04 11:57:27,100 INFO maxHealthCheckFailCount:12

2025-09-04 11:57:27,101 INFO maxContent:10485760

2025-09-04 11:57:36,555 INFO All dump page size is set to 100 according to mem limit 1024 MB

2025-09-04 11:57:36,561 WARN DumpService start

2025-09-04 11:57:36,563 INFO start clear all config-info.

2025-09-04 11:57:36,579 INFO clear all config-info success.

2025-09-04 11:57:36,580 INFO clear all config-info-tenant success.

2025-09-04 11:57:36,593 INFO start dump all config-info...

2025-09-04 11:57:36,594 INFO success to  dump all config-info。

2025-09-04 11:57:36,595 INFO start to clear all gray-config-info on startup.

2025-09-04 11:57:36,596 INFO clear all config-info-gray success.

2025-09-04 11:57:36,597 INFO clear all config-info-gray-tenant success.

2025-09-04 11:57:42,143 INFO notifyConnectTimeout:100

2025-09-04 11:57:42,144 INFO notifySocketTimeout:200

2025-09-04 11:57:42,145 INFO isHealthCheck:true

2025-09-04 11:57:42,145 INFO maxHealthCheckFailCount:12

2025-09-04 11:57:42,146 INFO maxContent:10485760

2025-09-04 11:57:46,437 INFO notifyConnectTimeout:100

2025-09-04 11:57:46,438 INFO notifySocketTimeout:200

2025-09-04 11:57:46,441 INFO isHealthCheck:true

2025-09-04 11:57:46,441 INFO maxHealthCheckFailCount:12

2025-09-04 11:57:46,442 INFO maxContent:10485760

2025-09-04 12:47:42,702 INFO notifyConnectTimeout:100

2025-09-04 12:47:42,705 INFO notifySocketTimeout:200

2025-09-04 12:47:42,705 INFO isHealthCheck:true

2025-09-04 12:47:42,706 INFO maxHealthCheckFailCount:12

2025-09-04 12:47:42,706 INFO maxContent:10485760

2025-09-04 12:47:49,949 INFO All dump page size is set to 100 according to mem limit 1024 MB

2025-09-04 12:47:49,958 WARN DumpService start

2025-09-04 12:47:49,958 INFO start clear all config-info.

2025-09-04 12:47:49,963 INFO clear all config-info success.

2025-09-04 12:47:49,964 INFO clear all config-info-tenant success.

2025-09-04 12:47:49,977 INFO start dump all config-info...

2025-09-04 12:47:49,978 INFO success to  dump all config-info。

2025-09-04 12:47:49,979 INFO start to clear all gray-config-info on startup.

2025-09-04 12:47:49,979 INFO clear all config-info-gray success.

2025-09-04 12:47:49,980 INFO clear all config-info-gray-tenant success.

2025-09-04 12:47:54,608 INFO notifyConnectTimeout:100

2025-09-04 12:47:54,611 INFO notifySocketTimeout:200

2025-09-04 12:47:54,612 INFO isHealthCheck:true

2025-09-04 12:47:54,612 INFO maxHealthCheckFailCount:12

2025-09-04 12:47:54,612 INFO maxContent:10485760

2025-09-04 12:47:57,508 INFO notifyConnectTimeout:100

2025-09-04 12:47:57,508 INFO notifySocketTimeout:200

2025-09-04 12:47:57,509 INFO isHealthCheck:true

2025-09-04 12:47:57,509 INFO maxHealthCheckFailCount:12

2025-09-04 12:47:57,509 INFO maxContent:10485760

2025-09-04 12:49:33,016 INFO notifyConnectTimeout:100

2025-09-04 12:49:33,019 INFO notifySocketTimeout:200

2025-09-04 12:49:33,019 INFO isHealthCheck:true

2025-09-04 12:49:33,020 INFO maxHealthCheckFailCount:12

2025-09-04 12:49:33,021 INFO maxContent:10485760

2025-09-04 12:49:38,900 INFO All dump page size is set to 100 according to mem limit 1024 MB

2025-09-04 12:49:38,905 WARN DumpService start

2025-09-04 12:49:38,906 INFO start clear all config-info.

2025-09-04 12:49:38,909 INFO clear all config-info success.

2025-09-04 12:49:38,910 INFO clear all config-info-tenant success.

2025-09-04 12:49:38,919 INFO start dump all config-info...

2025-09-04 12:49:38,919 INFO success to  dump all config-info。

2025-09-04 12:49:38,920 INFO start to clear all gray-config-info on startup.

2025-09-04 12:49:38,920 INFO clear all config-info-gray success.

2025-09-04 12:49:38,921 INFO clear all config-info-gray-tenant success.

2025-09-04 12:49:43,043 INFO notifyConnectTimeout:100

2025-09-04 12:49:43,045 INFO notifySocketTimeout:200

2025-09-04 12:49:43,047 INFO isHealthCheck:true

2025-09-04 12:49:43,048 INFO maxHealthCheckFailCount:12

2025-09-04 12:49:43,049 INFO maxContent:10485760

2025-09-04 12:49:45,061 INFO notifyConnectTimeout:100

2025-09-04 12:49:45,061 INFO notifySocketTimeout:200

2025-09-04 12:49:45,062 INFO isHealthCheck:true

2025-09-04 12:49:45,062 INFO maxHealthCheckFailCount:12

2025-09-04 12:49:45,062 INFO maxContent:10485760

2025-09-04 12:57:01,197 INFO notifyConnectTimeout:100

2025-09-04 12:57:01,200 INFO notifySocketTimeout:200

2025-09-04 12:57:01,200 INFO isHealthCheck:true

2025-09-04 12:57:01,201 INFO maxHealthCheckFailCount:12

2025-09-04 12:57:01,201 INFO maxContent:10485760

2025-09-04 12:57:06,461 INFO All dump page size is set to 100 according to mem limit 1024 MB

2025-09-04 12:57:06,467 WARN DumpService start

2025-09-04 12:57:06,468 INFO start clear all config-info.

2025-09-04 12:57:06,470 INFO clear all config-info success.

2025-09-04 12:57:06,471 INFO clear all config-info-tenant success.

2025-09-04 12:57:06,481 INFO start dump all config-info...

2025-09-04 12:57:06,482 INFO success to  dump all config-info。

2025-09-04 12:57:06,482 INFO start to clear all gray-config-info on startup.

2025-09-04 12:57:06,483 INFO clear all config-info-gray success.

2025-09-04 12:57:06,483 INFO clear all config-info-gray-tenant success.

2025-09-04 12:57:10,773 INFO notifyConnectTimeout:100

2025-09-04 12:57:10,774 INFO notifySocketTimeout:200

2025-09-04 12:57:10,774 INFO isHealthCheck:true

2025-09-04 12:57:10,774 INFO maxHealthCheckFailCount:12

2025-09-04 12:57:10,775 INFO maxContent:10485760

2025-09-04 12:57:13,565 INFO notifyConnectTimeout:100

2025-09-04 12:57:13,565 INFO notifySocketTimeout:200

2025-09-04 12:57:13,566 INFO isHealthCheck:true

2025-09-04 12:57:13,566 INFO maxHealthCheckFailCount:12

2025-09-04 12:57:13,566 INFO maxContent:10485760

2025-09-04 13:19:21,770 INFO notifyConnectTimeout:100

2025-09-04 13:19:21,774 INFO notifySocketTimeout:200

2025-09-04 13:19:21,774 INFO isHealthCheck:true

2025-09-04 13:19:21,775 INFO maxHealthCheckFailCount:12

2025-09-04 13:19:21,775 INFO maxContent:10485760

2025-09-04 13:19:29,029 INFO All dump page size is set to 100 according to mem limit 1024 MB

2025-09-04 13:19:29,036 WARN DumpService start

2025-09-04 13:19:29,037 INFO start clear all config-info.

2025-09-04 13:19:29,040 INFO clear all config-info success.

2025-09-04 13:19:29,040 INFO clear all config-info-tenant success.

2025-09-04 13:19:29,053 INFO start dump all config-info...

2025-09-04 13:19:29,054 INFO success to  dump all config-info。

2025-09-04 13:19:29,056 INFO start to clear all gray-config-info on startup.

2025-09-04 13:19:29,056 INFO clear all config-info-gray success.

2025-09-04 13:19:29,057 INFO clear all config-info-gray-tenant success.

2025-09-04 13:19:34,409 INFO notifyConnectTimeout:100

2025-09-04 13:19:34,410 INFO notifySocketTimeout:200

2025-09-04 13:19:34,411 INFO isHealthCheck:true

2025-09-04 13:19:34,411 INFO maxHealthCheckFailCount:12

2025-09-04 13:19:34,412 INFO maxContent:10485760

2025-09-04 13:19:37,503 INFO notifyConnectTimeout:100

2025-09-04 13:19:37,506 INFO notifySocketTimeout:200

2025-09-04 13:19:37,506 INFO isHealthCheck:true

2025-09-04 13:19:37,510 INFO maxHealthCheckFailCount:12

2025-09-04 13:19:37,511 INFO maxContent:10485760

2025-09-04 13:31:20,395 INFO notifyConnectTimeout:100

2025-09-04 13:31:20,397 INFO notifySocketTimeout:200

2025-09-04 13:31:20,398 INFO isHealthCheck:true

2025-09-04 13:31:20,402 INFO maxHealthCheckFailCount:12

2025-09-04 13:31:20,402 INFO maxContent:10485760

2025-09-04 13:31:25,648 INFO All dump page size is set to 100 according to mem limit 1024 MB

2025-09-04 13:31:25,654 WARN DumpService start

2025-09-04 13:31:25,655 INFO start clear all config-info.

2025-09-04 13:31:25,658 INFO clear all config-info success.

2025-09-04 13:31:25,659 INFO clear all config-info-tenant success.

2025-09-04 13:31:25,676 INFO start dump all config-info...

2025-09-04 13:31:25,676 INFO success to  dump all config-info。

2025-09-04 13:31:25,678 INFO start to clear all gray-config-info on startup.

2025-09-04 13:31:25,678 INFO clear all config-info-gray success.

2025-09-04 13:31:25,679 INFO clear all config-info-gray-tenant success.

2025-09-04 13:31:30,010 INFO notifyConnectTimeout:100

2025-09-04 13:31:30,011 INFO notifySocketTimeout:200

2025-09-04 13:31:30,012 INFO isHealthCheck:true

2025-09-04 13:31:30,012 INFO maxHealthCheckFailCount:12

2025-09-04 13:31:30,012 INFO maxContent:10485760

2025-09-04 13:31:33,097 INFO notifyConnectTimeout:100

2025-09-04 13:31:33,097 INFO notifySocketTimeout:200

2025-09-04 13:31:33,098 INFO isHealthCheck:true

2025-09-04 13:31:33,098 INFO maxHealthCheckFailCount:12

2025-09-04 13:31:33,098 INFO maxContent:10485760

2025-09-04 13:33:44,748 INFO notifyConnectTimeout:100

2025-09-04 13:33:44,752 INFO notifySocketTimeout:200

2025-09-04 13:33:44,752 INFO isHealthCheck:true

2025-09-04 13:33:44,753 INFO maxHealthCheckFailCount:12

2025-09-04 13:33:44,753 INFO maxContent:10485760

2025-09-04 13:33:51,570 INFO All dump page size is set to 100 according to mem limit 1024 MB

2025-09-04 13:33:51,575 WARN DumpService start

2025-09-04 13:33:51,576 INFO start clear all config-info.

2025-09-04 13:33:51,578 INFO clear all config-info success.

2025-09-04 13:33:51,578 INFO clear all config-info-tenant success.

2025-09-04 13:33:51,588 INFO start dump all config-info...

2025-09-04 13:33:51,588 INFO success to  dump all config-info。

2025-09-04 13:33:51,589 INFO start to clear all gray-config-info on startup.

2025-09-04 13:33:51,590 INFO clear all config-info-gray success.

2025-09-04 13:33:51,590 INFO clear all config-info-gray-tenant success.

2025-09-04 13:33:56,068 INFO notifyConnectTimeout:100

2025-09-04 13:33:56,069 INFO notifySocketTimeout:200

2025-09-04 13:33:56,069 INFO isHealthCheck:true

2025-09-04 13:33:56,070 INFO maxHealthCheckFailCount:12

2025-09-04 13:33:56,070 INFO maxContent:10485760

2025-09-04 13:33:59,740 INFO notifyConnectTimeout:100

2025-09-04 13:33:59,741 INFO notifySocketTimeout:200

2025-09-04 13:33:59,741 INFO isHealthCheck:true

2025-09-04 13:33:59,742 INFO maxHealthCheckFailCount:12

2025-09-04 13:33:59,743 INFO maxContent:10485760

2025-09-04 13:45:32,102 INFO notifyConnectTimeout:100

2025-09-04 13:45:32,104 INFO notifySocketTimeout:200

2025-09-04 13:45:32,105 INFO isHealthCheck:true

2025-09-04 13:45:32,105 INFO maxHealthCheckFailCount:12

2025-09-04 13:45:32,106 INFO maxContent:10485760

2025-09-04 13:45:38,481 INFO All dump page size is set to 100 according to mem limit 1024 MB

2025-09-04 13:45:38,487 WARN DumpService start

2025-09-04 13:45:38,488 INFO start clear all config-info.

2025-09-04 13:45:38,492 INFO clear all config-info success.

2025-09-04 13:45:38,492 INFO clear all config-info-tenant success.

2025-09-04 13:45:38,507 INFO start dump all config-info...

2025-09-04 13:45:38,511 INFO success to  dump all config-info。

2025-09-04 13:45:38,512 INFO start to clear all gray-config-info on startup.

2025-09-04 13:45:38,513 INFO clear all config-info-gray success.

2025-09-04 13:45:38,513 INFO clear all config-info-gray-tenant success.

2025-09-04 13:45:43,279 INFO notifyConnectTimeout:100

2025-09-04 13:45:43,280 INFO notifySocketTimeout:200

2025-09-04 13:45:43,280 INFO isHealthCheck:true

2025-09-04 13:45:43,281 INFO maxHealthCheckFailCount:12

2025-09-04 13:45:43,281 INFO maxContent:10485760

2025-09-04 13:45:46,592 INFO notifyConnectTimeout:100

2025-09-04 13:45:46,593 INFO notifySocketTimeout:200

2025-09-04 13:45:46,593 INFO isHealthCheck:true

2025-09-04 13:45:46,594 INFO maxHealthCheckFailCount:12

2025-09-04 13:45:46,594 INFO maxContent:10485760

2025-09-04 14:08:08,860 INFO notifyConnectTimeout:100

2025-09-04 14:08:08,863 INFO notifySocketTimeout:200

2025-09-04 14:08:08,863 INFO isHealthCheck:true

2025-09-04 14:08:08,864 INFO maxHealthCheckFailCount:12

2025-09-04 14:08:08,864 INFO maxContent:10485760

2025-09-04 14:08:15,548 INFO All dump page size is set to 100 according to mem limit 1024 MB

2025-09-04 14:08:15,556 WARN DumpService start

2025-09-04 14:08:15,558 INFO start clear all config-info.

2025-09-04 14:08:15,567 INFO clear all config-info success.

2025-09-04 14:08:15,567 INFO clear all config-info-tenant success.

2025-09-04 14:08:15,583 INFO start dump all config-info...

2025-09-04 14:08:15,585 INFO success to  dump all config-info。

2025-09-04 14:08:15,587 INFO start to clear all gray-config-info on startup.

2025-09-04 14:08:15,588 INFO clear all config-info-gray success.

2025-09-04 14:08:15,588 INFO clear all config-info-gray-tenant success.

2025-09-04 14:08:20,471 INFO notifyConnectTimeout:100

2025-09-04 14:08:20,471 INFO notifySocketTimeout:200

2025-09-04 14:08:20,472 INFO isHealthCheck:true

2025-09-04 14:08:20,472 INFO maxHealthCheckFailCount:12

2025-09-04 14:08:20,472 INFO maxContent:10485760

2025-09-04 14:08:23,337 INFO notifyConnectTimeout:100

2025-09-04 14:08:23,337 INFO notifySocketTimeout:200

2025-09-04 14:08:23,338 INFO isHealthCheck:true

2025-09-04 14:08:23,338 INFO maxHealthCheckFailCount:12

2025-09-04 14:08:23,339 INFO maxContent:10485760

2025-09-04 14:18:24,422 INFO notifyConnectTimeout:100

2025-09-04 14:18:24,426 INFO notifySocketTimeout:200

2025-09-04 14:18:24,426 INFO isHealthCheck:true

2025-09-04 14:18:24,427 INFO maxHealthCheckFailCount:12

2025-09-04 14:18:24,428 INFO maxContent:10485760

2025-09-04 14:18:31,611 INFO All dump page size is set to 100 according to mem limit 1024 MB

2025-09-04 14:18:31,616 WARN DumpService start

2025-09-04 14:18:31,617 INFO start clear all config-info.

2025-09-04 14:18:31,619 INFO clear all config-info success.

2025-09-04 14:18:31,620 INFO clear all config-info-tenant success.

2025-09-04 14:18:31,631 INFO start dump all config-info...

2025-09-04 14:18:31,632 INFO success to  dump all config-info。

2025-09-04 14:18:31,633 INFO start to clear all gray-config-info on startup.

2025-09-04 14:18:31,633 INFO clear all config-info-gray success.

2025-09-04 14:18:31,633 INFO clear all config-info-gray-tenant success.

2025-09-04 14:18:36,485 INFO notifyConnectTimeout:100

2025-09-04 14:18:36,486 INFO notifySocketTimeout:200

2025-09-04 14:18:36,486 INFO isHealthCheck:true

2025-09-04 14:18:36,487 INFO maxHealthCheckFailCount:12

2025-09-04 14:18:36,487 INFO maxContent:10485760

2025-09-04 14:18:39,509 INFO notifyConnectTimeout:100

2025-09-04 14:18:39,509 INFO notifySocketTimeout:200

2025-09-04 14:18:39,510 INFO isHealthCheck:true

2025-09-04 14:18:39,510 INFO maxHealthCheckFailCount:12

2025-09-04 14:18:39,510 INFO maxContent:10485760

2025-09-04 14:21:46,810 INFO notifyConnectTimeout:100

2025-09-04 14:21:46,814 INFO notifySocketTimeout:200

2025-09-04 14:21:46,815 INFO isHealthCheck:true

2025-09-04 14:21:46,815 INFO maxHealthCheckFailCount:12

2025-09-04 14:21:46,815 INFO maxContent:10485760

2025-09-04 14:21:53,442 INFO All dump page size is set to 100 according to mem limit 1024 MB

2025-09-04 14:21:53,447 WARN DumpService start

2025-09-04 14:21:53,448 INFO start clear all config-info.

2025-09-04 14:21:53,450 INFO clear all config-info success.

2025-09-04 14:21:53,451 INFO clear all config-info-tenant success.

2025-09-04 14:21:53,462 INFO start dump all config-info...

2025-09-04 14:21:53,463 INFO success to  dump all config-info。

2025-09-04 14:21:53,463 INFO start to clear all gray-config-info on startup.

2025-09-04 14:21:53,464 INFO clear all config-info-gray success.

2025-09-04 14:21:53,464 INFO clear all config-info-gray-tenant success.

2025-09-04 14:21:58,053 INFO notifyConnectTimeout:100

2025-09-04 14:21:58,054 INFO notifySocketTimeout:200

2025-09-04 14:21:58,054 INFO isHealthCheck:true

2025-09-04 14:21:58,055 INFO maxHealthCheckFailCount:12

2025-09-04 14:21:58,055 INFO maxContent:10485760

2025-09-04 14:22:00,853 INFO notifyConnectTimeout:100

2025-09-04 14:22:00,853 INFO notifySocketTimeout:200

2025-09-04 14:22:00,854 INFO isHealthCheck:true

2025-09-04 14:22:00,854 INFO maxHealthCheckFailCount:12

2025-09-04 14:22:00,854 INFO maxContent:10485760

2025-09-04 14:24:27,548 INFO notifyConnectTimeout:100

2025-09-04 14:24:27,552 INFO notifySocketTimeout:200

2025-09-04 14:24:27,553 INFO isHealthCheck:true

2025-09-04 14:24:27,553 INFO maxHealthCheckFailCount:12

2025-09-04 14:24:27,554 INFO maxContent:10485760

2025-09-04 14:24:34,975 INFO All dump page size is set to 100 according to mem limit 1024 MB

2025-09-04 14:24:34,980 WARN DumpService start

2025-09-04 14:24:34,981 INFO start clear all config-info.

2025-09-04 14:24:34,984 INFO clear all config-info success.

2025-09-04 14:24:34,984 INFO clear all config-info-tenant success.

2025-09-04 14:24:34,997 INFO start dump all config-info...

2025-09-04 14:24:34,997 INFO success to  dump all config-info。

2025-09-04 14:24:34,998 INFO start to clear all gray-config-info on startup.

2025-09-04 14:24:34,998 INFO clear all config-info-gray success.

2025-09-04 14:24:34,999 INFO clear all config-info-gray-tenant success.

2025-09-04 14:24:39,898 INFO notifyConnectTimeout:100

2025-09-04 14:24:39,899 INFO notifySocketTimeout:200

2025-09-04 14:24:39,899 INFO isHealthCheck:true

2025-09-04 14:24:39,900 INFO maxHealthCheckFailCount:12

2025-09-04 14:24:39,900 INFO maxContent:10485760

2025-09-04 14:24:42,878 INFO notifyConnectTimeout:100

2025-09-04 14:24:42,879 INFO notifySocketTimeout:200

2025-09-04 14:24:42,879 INFO isHealthCheck:true

2025-09-04 14:24:42,880 INFO maxHealthCheckFailCount:12

2025-09-04 14:24:42,880 INFO maxContent:10485760

2025-09-04 14:37:58,388 INFO notifyConnectTimeout:100

2025-09-04 14:37:58,391 INFO notifySocketTimeout:200

2025-09-04 14:37:58,391 INFO isHealthCheck:true

2025-09-04 14:37:58,392 INFO maxHealthCheckFailCount:12

2025-09-04 14:37:58,392 INFO maxContent:10485760

2025-09-04 14:38:05,006 INFO All dump page size is set to 100 according to mem limit 1024 MB

2025-09-04 14:38:05,013 WARN DumpService start

2025-09-04 14:38:05,015 INFO start clear all config-info.

2025-09-04 14:38:05,018 INFO clear all config-info success.

2025-09-04 14:38:05,019 INFO clear all config-info-tenant success.

2025-09-04 14:38:05,035 INFO start dump all config-info...

2025-09-04 14:38:05,036 INFO success to  dump all config-info。

2025-09-04 14:38:05,036 INFO start to clear all gray-config-info on startup.

2025-09-04 14:38:05,037 INFO clear all config-info-gray success.

2025-09-04 14:38:05,037 INFO clear all config-info-gray-tenant success.

2025-09-04 14:38:09,379 INFO notifyConnectTimeout:100

2025-09-04 14:38:09,380 INFO notifySocketTimeout:200

2025-09-04 14:38:09,380 INFO isHealthCheck:true

2025-09-04 14:38:09,381 INFO maxHealthCheckFailCount:12

2025-09-04 14:38:09,381 INFO maxContent:10485760

2025-09-04 14:38:12,560 INFO notifyConnectTimeout:100

2025-09-04 14:38:12,561 INFO notifySocketTimeout:200

2025-09-04 14:38:12,561 INFO isHealthCheck:true

2025-09-04 14:38:12,562 INFO maxHealthCheckFailCount:12

2025-09-04 14:38:12,562 INFO maxContent:10485760

2025-09-04 14:42:30,185 INFO notifyConnectTimeout:100

2025-09-04 14:42:30,188 INFO notifySocketTimeout:200

2025-09-04 14:42:30,189 INFO isHealthCheck:true

2025-09-04 14:42:30,189 INFO maxHealthCheckFailCount:12

2025-09-04 14:42:30,190 INFO maxContent:10485760

2025-09-04 14:42:35,771 INFO All dump page size is set to 100 according to mem limit 1024 MB

2025-09-04 14:42:35,777 WARN DumpService start

2025-09-04 14:42:35,778 INFO start clear all config-info.

2025-09-04 14:42:35,783 INFO clear all config-info success.

2025-09-04 14:42:35,784 INFO clear all config-info-tenant success.

2025-09-04 14:42:35,796 INFO start dump all config-info...

2025-09-04 14:42:35,796 INFO success to  dump all config-info。

2025-09-04 14:42:35,797 INFO start to clear all gray-config-info on startup.

2025-09-04 14:42:35,798 INFO clear all config-info-gray success.

2025-09-04 14:42:35,798 INFO clear all config-info-gray-tenant success.

2025-09-04 14:42:40,350 INFO notifyConnectTimeout:100

2025-09-04 14:42:40,351 INFO notifySocketTimeout:200

2025-09-04 14:42:40,351 INFO isHealthCheck:true

2025-09-04 14:42:40,351 INFO maxHealthCheckFailCount:12

2025-09-04 14:42:40,352 INFO maxContent:10485760

2025-09-04 14:42:43,341 INFO notifyConnectTimeout:100

2025-09-04 14:42:43,342 INFO notifySocketTimeout:200

2025-09-04 14:42:43,342 INFO isHealthCheck:true

2025-09-04 14:42:43,342 INFO maxHealthCheckFailCount:12

2025-09-04 14:42:43,343 INFO maxContent:10485760

2025-09-04 14:46:15,913 INFO notifyConnectTimeout:100

2025-09-04 14:46:15,915 INFO notifySocketTimeout:200

2025-09-04 14:46:15,916 INFO isHealthCheck:true

2025-09-04 14:46:15,916 INFO maxHealthCheckFailCount:12

2025-09-04 14:46:15,917 INFO maxContent:10485760

2025-09-04 14:46:22,202 INFO All dump page size is set to 100 according to mem limit 1024 MB

2025-09-04 14:46:22,206 WARN DumpService start

2025-09-04 14:46:22,207 INFO start clear all config-info.

2025-09-04 14:46:22,209 INFO clear all config-info success.

2025-09-04 14:46:22,209 INFO clear all config-info-tenant success.

2025-09-04 14:46:22,218 INFO start dump all config-info...

2025-09-04 14:46:22,218 INFO success to  dump all config-info。

2025-09-04 14:46:22,219 INFO start to clear all gray-config-info on startup.

2025-09-04 14:46:22,220 INFO clear all config-info-gray success.

2025-09-04 14:46:22,220 INFO clear all config-info-gray-tenant success.

2025-09-04 14:46:25,526 INFO notifyConnectTimeout:100

2025-09-04 14:46:25,527 INFO notifySocketTimeout:200

2025-09-04 14:46:25,527 INFO isHealthCheck:true

2025-09-04 14:46:25,528 INFO maxHealthCheckFailCount:12

2025-09-04 14:46:25,528 INFO maxContent:10485760

2025-09-04 14:46:28,479 INFO notifyConnectTimeout:100

2025-09-04 14:46:28,479 INFO notifySocketTimeout:200

2025-09-04 14:46:28,480 INFO isHealthCheck:true

2025-09-04 14:46:28,480 INFO maxHealthCheckFailCount:12

2025-09-04 14:46:28,480 INFO maxContent:10485760

2025-09-04 14:50:08,456 INFO notifyConnectTimeout:100

2025-09-04 14:50:08,459 INFO notifySocketTimeout:200

2025-09-04 14:50:08,459 INFO isHealthCheck:true

2025-09-04 14:50:08,460 INFO maxHealthCheckFailCount:12

2025-09-04 14:50:08,460 INFO maxContent:10485760

2025-09-04 14:50:13,805 INFO All dump page size is set to 100 according to mem limit 1024 MB

2025-09-04 14:50:13,812 WARN DumpService start

2025-09-04 14:50:13,813 INFO start clear all config-info.

2025-09-04 14:50:13,815 INFO clear all config-info success.

2025-09-04 14:50:13,816 INFO clear all config-info-tenant success.

2025-09-04 14:50:13,828 INFO start dump all config-info...

2025-09-04 14:50:13,828 INFO success to  dump all config-info。

2025-09-04 14:50:13,829 INFO start to clear all gray-config-info on startup.

2025-09-04 14:50:13,830 INFO clear all config-info-gray success.

2025-09-04 14:50:13,830 INFO clear all config-info-gray-tenant success.

2025-09-04 14:50:18,225 INFO notifyConnectTimeout:100

2025-09-04 14:50:18,226 INFO notifySocketTimeout:200

2025-09-04 14:50:18,227 INFO isHealthCheck:true

2025-09-04 14:50:18,228 INFO maxHealthCheckFailCount:12

2025-09-04 14:50:18,228 INFO maxContent:10485760

2025-09-04 14:50:21,125 INFO notifyConnectTimeout:100

2025-09-04 14:50:21,126 INFO notifySocketTimeout:200

2025-09-04 14:50:21,126 INFO isHealthCheck:true

2025-09-04 14:50:21,127 INFO maxHealthCheckFailCount:12

2025-09-04 14:50:21,127 INFO maxContent:10485760

2025-09-04 14:53:30,784 INFO notifyConnectTimeout:100

2025-09-04 14:53:30,796 INFO notifySocketTimeout:200

2025-09-04 14:53:30,803 INFO isHealthCheck:true

2025-09-04 14:53:30,810 INFO maxHealthCheckFailCount:12

2025-09-04 14:53:30,813 INFO maxContent:10485760

2025-09-04 14:53:53,398 INFO notifyConnectTimeout:100

2025-09-04 14:53:53,404 INFO notifySocketTimeout:200

2025-09-04 14:53:53,404 INFO isHealthCheck:true

2025-09-04 14:53:53,405 INFO maxHealthCheckFailCount:12

2025-09-04 14:53:53,406 INFO maxContent:10485760

2025-09-04 14:54:02,888 INFO All dump page size is set to 100 according to mem limit 1024 MB

2025-09-04 14:54:02,897 WARN DumpService start

2025-09-04 14:54:02,898 INFO start clear all config-info.

2025-09-04 14:54:02,903 INFO clear all config-info success.

2025-09-04 14:54:02,904 INFO clear all config-info-tenant success.

2025-09-04 14:54:02,915 INFO start dump all config-info...

2025-09-04 14:54:02,916 INFO success to  dump all config-info。

2025-09-04 14:54:02,917 INFO start to clear all gray-config-info on startup.

2025-09-04 14:54:02,918 INFO clear all config-info-gray success.

2025-09-04 14:54:02,918 INFO clear all config-info-gray-tenant success.

2025-09-04 14:54:08,716 INFO notifyConnectTimeout:100

2025-09-04 14:54:08,716 INFO notifySocketTimeout:200

2025-09-04 14:54:08,718 INFO isHealthCheck:true

2025-09-04 14:54:08,719 INFO maxHealthCheckFailCount:12

2025-09-04 14:54:08,719 INFO maxContent:10485760

2025-09-04 14:54:13,028 INFO notifyConnectTimeout:100

2025-09-04 14:54:13,029 INFO notifySocketTimeout:200

2025-09-04 14:54:13,029 INFO isHealthCheck:true

2025-09-04 14:54:13,030 INFO maxHealthCheckFailCount:12

2025-09-04 14:54:13,030 INFO maxContent:10485760

2025-09-04 15:04:15,774 INFO notifyConnectTimeout:100

2025-09-04 15:04:15,777 INFO notifySocketTimeout:200

2025-09-04 15:04:15,778 INFO isHealthCheck:true

2025-09-04 15:04:15,779 INFO maxHealthCheckFailCount:12

2025-09-04 15:04:15,779 INFO maxContent:10485760

2025-09-04 15:04:25,080 INFO All dump page size is set to 100 according to mem limit 1024 MB

2025-09-04 15:04:25,087 WARN DumpService start

2025-09-04 15:04:25,088 INFO start clear all config-info.

2025-09-04 15:04:25,092 INFO clear all config-info success.

2025-09-04 15:04:25,092 INFO clear all config-info-tenant success.

2025-09-04 15:04:25,108 INFO start dump all config-info...

2025-09-04 15:04:25,109 INFO success to  dump all config-info。

2025-09-04 15:04:25,110 INFO start to clear all gray-config-info on startup.

2025-09-04 15:04:25,111 INFO clear all config-info-gray success.

2025-09-04 15:04:25,111 INFO clear all config-info-gray-tenant success.

2025-09-04 15:04:31,642 INFO notifyConnectTimeout:100

2025-09-04 15:04:31,643 INFO notifySocketTimeout:200

2025-09-04 15:04:31,643 INFO isHealthCheck:true

2025-09-04 15:04:31,644 INFO maxHealthCheckFailCount:12

2025-09-04 15:04:31,644 INFO maxContent:10485760

2025-09-04 15:04:35,795 INFO notifyConnectTimeout:100

2025-09-04 15:04:35,796 INFO notifySocketTimeout:200

2025-09-04 15:04:35,797 INFO isHealthCheck:true

2025-09-04 15:04:35,798 INFO maxHealthCheckFailCount:12

2025-09-04 15:04:35,800 INFO maxContent:10485760

2025-09-04 15:09:42,897 INFO notifyConnectTimeout:100

2025-09-04 15:09:42,901 INFO notifySocketTimeout:200

2025-09-04 15:09:42,902 INFO isHealthCheck:true

2025-09-04 15:09:42,903 INFO maxHealthCheckFailCount:12

2025-09-04 15:09:42,904 INFO maxContent:10485760

2025-09-04 15:09:52,097 INFO All dump page size is set to 100 according to mem limit 1024 MB

2025-09-04 15:09:52,106 WARN DumpService start

2025-09-04 15:09:52,107 INFO start clear all config-info.

2025-09-04 15:09:52,111 INFO clear all config-info success.

2025-09-04 15:09:52,112 INFO clear all config-info-tenant success.

2025-09-04 15:09:52,127 INFO start dump all config-info...

2025-09-04 15:09:52,127 INFO success to  dump all config-info。

2025-09-04 15:09:52,128 INFO start to clear all gray-config-info on startup.

2025-09-04 15:09:52,129 INFO clear all config-info-gray success.

2025-09-04 15:09:52,130 INFO clear all config-info-gray-tenant success.

2025-09-04 15:09:57,700 INFO notifyConnectTimeout:100

2025-09-04 15:09:57,701 INFO notifySocketTimeout:200

2025-09-04 15:09:57,705 INFO isHealthCheck:true

2025-09-04 15:09:57,706 INFO maxHealthCheckFailCount:12

2025-09-04 15:09:57,706 INFO maxContent:10485760

2025-09-04 15:10:01,841 INFO notifyConnectTimeout:100

2025-09-04 15:10:01,842 INFO notifySocketTimeout:200

2025-09-04 15:10:01,843 INFO isHealthCheck:true

2025-09-04 15:10:01,843 INFO maxHealthCheckFailCount:12

2025-09-04 15:10:01,843 INFO maxContent:10485760

2025-09-04 15:17:47,769 INFO notifyConnectTimeout:100

2025-09-04 15:17:47,773 INFO notifySocketTimeout:200

2025-09-04 15:17:47,774 INFO isHealthCheck:true

2025-09-04 15:17:47,775 INFO maxHealthCheckFailCount:12

2025-09-04 15:17:47,775 INFO maxContent:10485760

2025-09-04 15:17:57,377 INFO All dump page size is set to 100 according to mem limit 1024 MB

2025-09-04 15:17:57,384 WARN DumpService start

2025-09-04 15:17:57,386 INFO start clear all config-info.

2025-09-04 15:17:57,390 INFO clear all config-info success.

2025-09-04 15:17:57,390 INFO clear all config-info-tenant success.

2025-09-04 15:17:57,404 INFO start dump all config-info...

2025-09-04 15:17:57,404 INFO success to  dump all config-info。

2025-09-04 15:17:57,406 INFO start to clear all gray-config-info on startup.

2025-09-04 15:17:57,407 INFO clear all config-info-gray success.

2025-09-04 15:17:57,408 INFO clear all config-info-gray-tenant success.

2025-09-04 15:18:04,143 INFO notifyConnectTimeout:100

2025-09-04 15:18:04,144 INFO notifySocketTimeout:200

2025-09-04 15:18:04,144 INFO isHealthCheck:true

2025-09-04 15:18:04,145 INFO maxHealthCheckFailCount:12

2025-09-04 15:18:04,149 INFO maxContent:10485760

2025-09-04 15:18:08,472 INFO notifyConnectTimeout:100

2025-09-04 15:18:08,474 INFO notifySocketTimeout:200

2025-09-04 15:18:08,475 INFO isHealthCheck:true

2025-09-04 15:18:08,475 INFO maxHealthCheckFailCount:12

2025-09-04 15:18:08,476 INFO maxContent:10485760

