[2025-09-04T13:53:02.587+0000][gc] Using G1
[2025-09-04T13:53:02.608+0000][gc,init] Version: 17.0.16+8-alpine-r0 (release)
[2025-09-04T13:53:02.609+0000][gc,init] CPUs: 16 total, 16 available
[2025-09-04T13:53:02.609+0000][gc,init] Memory: 15632M
[2025-09-04T13:53:02.610+0000][gc,init] Large Page Support: Disabled
[2025-09-04T13:53:02.610+0000][gc,init] NUMA Support: Disabled
[2025-09-04T13:53:02.611+0000][gc,init] Compressed Oops: Enabled (32-bit)
[2025-09-04T13:53:02.611+0000][gc,init] Heap Region Size: 1M
[2025-09-04T13:53:02.611+0000][gc,init] Heap Min Capacity: 1G
[2025-09-04T13:53:02.612+0000][gc,init] Heap Initial Capacity: 1G
[2025-09-04T13:53:02.612+0000][gc,init] Heap Max Capacity: 1G
[2025-09-04T13:53:02.612+0000][gc,init] Pre-touch: Disabled
[2025-09-04T13:53:02.613+0000][gc,init] Parallel Workers: 13
[2025-09-04T13:53:02.613+0000][gc,init] Concurrent Workers: 3
[2025-09-04T13:53:02.613+0000][gc,init] Concurrent Refinement Workers: 13
[2025-09-04T13:53:02.614+0000][gc,init] Periodic GC: Disabled
[2025-09-04T13:53:02.626+0000][gc,metaspace] CDS archive(s) mapped at: [0x000071e72c000000-0x000071e72cbc7000-0x000071e72cbc7000), size 12349440, SharedBaseAddress: 0x000071e72c000000, ArchiveRelocationMode: 1.
[2025-09-04T13:53:02.627+0000][gc,metaspace] Compressed class space mapped at: 0x000071e72d000000-0x000071e76d000000, reserved size: 1073741824
[2025-09-04T13:53:02.627+0000][gc,metaspace] Narrow klass base: 0x000071e72c000000, Narrow klass shift: 0, Narrow klass range: 0x100000000
[2025-09-04T13:53:04.453+0000][gc,start    ] GC(0) Pause Young (Normal) (G1 Evacuation Pause)
[2025-09-04T13:53:04.456+0000][gc,task     ] GC(0) Using 13 workers of 13 for evacuation
[2025-09-04T13:53:04.492+0000][gc,phases   ] GC(0)   Pre Evacuate Collection Set: 0.5ms
[2025-09-04T13:53:04.493+0000][gc,phases   ] GC(0)   Merge Heap Roots: 0.5ms
[2025-09-04T13:53:04.493+0000][gc,phases   ] GC(0)   Evacuate Collection Set: 28.9ms
[2025-09-04T13:53:04.493+0000][gc,phases   ] GC(0)   Post Evacuate Collection Set: 5.0ms
[2025-09-04T13:53:04.494+0000][gc,phases   ] GC(0)   Other: 4.7ms
[2025-09-04T13:53:04.495+0000][gc,heap     ] GC(0) Eden regions: 512->0(473)
[2025-09-04T13:53:04.495+0000][gc,heap     ] GC(0) Survivor regions: 0->39(64)
[2025-09-04T13:53:04.495+0000][gc,heap     ] GC(0) Old regions: 0->0
[2025-09-04T13:53:04.495+0000][gc,heap     ] GC(0) Archive regions: 2->2
[2025-09-04T13:53:04.496+0000][gc,heap     ] GC(0) Humongous regions: 0->0
[2025-09-04T13:53:04.496+0000][gc,metaspace] GC(0) Metaspace: 20855K(21248K)->20855K(21248K) NonClass: 18248K(18432K)->18248K(18432K) Class: 2606K(2816K)->2606K(2816K)
[2025-09-04T13:53:04.496+0000][gc          ] GC(0) Pause Young (Normal) (G1 Evacuation Pause) 512M->39M(1024M) 43.202ms
[2025-09-04T13:53:04.496+0000][gc,cpu      ] GC(0) User=0.22s Sys=0.20s Real=0.04s
[2025-09-04T13:53:04.590+0000][gc,start    ] GC(1) Pause Young (Concurrent Start) (Metadata GC Threshold)
[2025-09-04T13:53:04.591+0000][gc,task     ] GC(1) Using 13 workers of 13 for evacuation
[2025-09-04T13:53:04.617+0000][gc,phases   ] GC(1)   Pre Evacuate Collection Set: 0.4ms
[2025-09-04T13:53:04.618+0000][gc,phases   ] GC(1)   Merge Heap Roots: 0.3ms
[2025-09-04T13:53:04.618+0000][gc,phases   ] GC(1)   Evacuate Collection Set: 23.3ms
[2025-09-04T13:53:04.618+0000][gc,phases   ] GC(1)   Post Evacuate Collection Set: 1.5ms
[2025-09-04T13:53:04.619+0000][gc,phases   ] GC(1)   Other: 1.3ms
[2025-09-04T13:53:04.619+0000][gc,heap     ] GC(1) Eden regions: 12->0(506)
[2025-09-04T13:53:04.619+0000][gc,heap     ] GC(1) Survivor regions: 39->6(64)
[2025-09-04T13:53:04.619+0000][gc,heap     ] GC(1) Old regions: 0->38
[2025-09-04T13:53:04.620+0000][gc,heap     ] GC(1) Archive regions: 2->2
[2025-09-04T13:53:04.620+0000][gc,heap     ] GC(1) Humongous regions: 0->0
[2025-09-04T13:53:04.620+0000][gc,metaspace] GC(1) Metaspace: 21194K(21504K)->21194K(21504K) NonClass: 18555K(18688K)->18555K(18688K) Class: 2638K(2816K)->2638K(2816K)
[2025-09-04T13:53:04.621+0000][gc          ] GC(1) Pause Young (Concurrent Start) (Metadata GC Threshold) 50M->44M(1024M) 30.037ms
[2025-09-04T13:53:04.621+0000][gc,cpu      ] GC(1) User=0.04s Sys=0.23s Real=0.02s
[2025-09-04T13:53:04.621+0000][gc          ] GC(2) Concurrent Mark Cycle
[2025-09-04T13:53:04.621+0000][gc,marking  ] GC(2) Concurrent Clear Claimed Marks
[2025-09-04T13:53:04.622+0000][gc,marking  ] GC(2) Concurrent Clear Claimed Marks 0.341ms
[2025-09-04T13:53:04.622+0000][gc,marking  ] GC(2) Concurrent Scan Root Regions
[2025-09-04T13:53:04.629+0000][gc,marking  ] GC(2) Concurrent Scan Root Regions 6.833ms
[2025-09-04T13:53:04.629+0000][gc,marking  ] GC(2) Concurrent Mark
[2025-09-04T13:53:04.630+0000][gc,marking  ] GC(2) Concurrent Mark From Roots
[2025-09-04T13:53:04.630+0000][gc,task     ] GC(2) Using 3 workers of 3 for marking
[2025-09-04T13:53:04.632+0000][gc,marking  ] GC(2) Concurrent Mark From Roots 1.977ms
[2025-09-04T13:53:04.632+0000][gc,marking  ] GC(2) Concurrent Preclean
[2025-09-04T13:53:04.632+0000][gc,marking  ] GC(2) Concurrent Preclean 0.398ms
[2025-09-04T13:53:04.633+0000][gc,start    ] GC(2) Pause Remark
[2025-09-04T13:53:04.636+0000][gc          ] GC(2) Pause Remark 48M->48M(1024M) 2.989ms
[2025-09-04T13:53:04.637+0000][gc,cpu      ] GC(2) User=0.00s Sys=0.00s Real=0.00s
[2025-09-04T13:53:04.637+0000][gc,marking  ] GC(2) Concurrent Mark 7.991ms
[2025-09-04T13:53:04.638+0000][gc,marking  ] GC(2) Concurrent Rebuild Remembered Sets
[2025-09-04T13:53:04.639+0000][gc,marking  ] GC(2) Concurrent Rebuild Remembered Sets 0.934ms
[2025-09-04T13:53:04.640+0000][gc,start    ] GC(2) Pause Cleanup
[2025-09-04T13:53:04.640+0000][gc          ] GC(2) Pause Cleanup 49M->49M(1024M) 0.321ms
[2025-09-04T13:53:04.640+0000][gc,cpu      ] GC(2) User=0.00s Sys=0.00s Real=0.00s
[2025-09-04T13:53:04.641+0000][gc,marking  ] GC(2) Concurrent Cleanup for Next Mark
[2025-09-04T13:53:04.650+0000][gc,marking  ] GC(2) Concurrent Cleanup for Next Mark 9.706ms
[2025-09-04T13:53:04.651+0000][gc          ] GC(2) Concurrent Mark Cycle 29.679ms
[2025-09-04T13:53:06.602+0000][gc,start    ] GC(3) Pause Young (Concurrent Start) (Metadata GC Threshold)
[2025-09-04T13:53:06.602+0000][gc,task     ] GC(3) Using 13 workers of 13 for evacuation
[2025-09-04T13:53:06.609+0000][gc,phases   ] GC(3)   Pre Evacuate Collection Set: 0.4ms
[2025-09-04T13:53:06.610+0000][gc,phases   ] GC(3)   Merge Heap Roots: 0.3ms
[2025-09-04T13:53:06.610+0000][gc,phases   ] GC(3)   Evacuate Collection Set: 4.1ms
[2025-09-04T13:53:06.610+0000][gc,phases   ] GC(3)   Post Evacuate Collection Set: 1.7ms
[2025-09-04T13:53:06.611+0000][gc,phases   ] GC(3)   Other: 0.9ms
[2025-09-04T13:53:06.611+0000][gc,heap     ] GC(3) Eden regions: 256->0(504)
[2025-09-04T13:53:06.611+0000][gc,heap     ] GC(3) Survivor regions: 6->8(64)
[2025-09-04T13:53:06.612+0000][gc,heap     ] GC(3) Old regions: 38->38
[2025-09-04T13:53:06.612+0000][gc,heap     ] GC(3) Archive regions: 2->2
[2025-09-04T13:53:06.612+0000][gc,heap     ] GC(3) Humongous regions: 0->0
[2025-09-04T13:53:06.612+0000][gc,metaspace] GC(3) Metaspace: 35975K(36416K)->35975K(36416K) NonClass: 31418K(31616K)->31418K(31616K) Class: 4557K(4800K)->4557K(4800K)
[2025-09-04T13:53:06.613+0000][gc          ] GC(3) Pause Young (Concurrent Start) (Metadata GC Threshold) 299M->46M(1024M) 10.765ms
[2025-09-04T13:53:06.613+0000][gc,cpu      ] GC(3) User=0.03s Sys=0.00s Real=0.01s
[2025-09-04T13:53:06.614+0000][gc          ] GC(4) Concurrent Mark Cycle
[2025-09-04T13:53:06.614+0000][gc,marking  ] GC(4) Concurrent Clear Claimed Marks
[2025-09-04T13:53:06.616+0000][gc,marking  ] GC(4) Concurrent Clear Claimed Marks 1.073ms
[2025-09-04T13:53:06.616+0000][gc,marking  ] GC(4) Concurrent Scan Root Regions
[2025-09-04T13:53:06.618+0000][gc,marking  ] GC(4) Concurrent Scan Root Regions 2.555ms
[2025-09-04T13:53:06.619+0000][gc,marking  ] GC(4) Concurrent Mark
[2025-09-04T13:53:06.619+0000][gc,marking  ] GC(4) Concurrent Mark From Roots
[2025-09-04T13:53:06.620+0000][gc,task     ] GC(4) Using 3 workers of 3 for marking
[2025-09-04T13:53:06.639+0000][gc,marking  ] GC(4) Concurrent Mark From Roots 19.382ms
[2025-09-04T13:53:06.639+0000][gc,marking  ] GC(4) Concurrent Preclean
[2025-09-04T13:53:06.640+0000][gc,marking  ] GC(4) Concurrent Preclean 0.747ms
[2025-09-04T13:53:06.640+0000][gc,start    ] GC(4) Pause Remark
[2025-09-04T13:53:06.644+0000][gc          ] GC(4) Pause Remark 49M->49M(1024M) 4.264ms
[2025-09-04T13:53:06.645+0000][gc,cpu      ] GC(4) User=0.02s Sys=0.01s Real=0.01s
[2025-09-04T13:53:06.645+0000][gc,marking  ] GC(4) Concurrent Mark 26.583ms
[2025-09-04T13:53:06.648+0000][gc,marking  ] GC(4) Concurrent Rebuild Remembered Sets
[2025-09-04T13:53:06.648+0000][gc,marking  ] GC(4) Concurrent Rebuild Remembered Sets 0.407ms
[2025-09-04T13:53:06.649+0000][gc,start    ] GC(4) Pause Cleanup
[2025-09-04T13:53:06.649+0000][gc          ] GC(4) Pause Cleanup 49M->49M(1024M) 0.366ms
[2025-09-04T13:53:06.649+0000][gc,cpu      ] GC(4) User=0.00s Sys=0.00s Real=0.01s
[2025-09-04T13:53:06.650+0000][gc,marking  ] GC(4) Concurrent Cleanup for Next Mark
[2025-09-04T13:53:06.661+0000][gc,marking  ] GC(4) Concurrent Cleanup for Next Mark 11.667ms
[2025-09-04T13:53:06.662+0000][gc          ] GC(4) Concurrent Mark Cycle 48.035ms
[2025-09-04T13:53:10.734+0000][gc,start    ] GC(5) Pause Young (Concurrent Start) (Metadata GC Threshold)
[2025-09-04T13:53:10.734+0000][gc,task     ] GC(5) Using 13 workers of 13 for evacuation
[2025-09-04T13:53:10.747+0000][gc,phases   ] GC(5)   Pre Evacuate Collection Set: 0.6ms
[2025-09-04T13:53:10.748+0000][gc,phases   ] GC(5)   Merge Heap Roots: 0.4ms
[2025-09-04T13:53:10.748+0000][gc,phases   ] GC(5)   Evacuate Collection Set: 8.8ms
[2025-09-04T13:53:10.748+0000][gc,phases   ] GC(5)   Post Evacuate Collection Set: 2.9ms
[2025-09-04T13:53:10.748+0000][gc,phases   ] GC(5)   Other: 1.0ms
[2025-09-04T13:53:10.749+0000][gc,heap     ] GC(5) Eden regions: 310->0(491)
[2025-09-04T13:53:10.749+0000][gc,heap     ] GC(5) Survivor regions: 8->21(64)
[2025-09-04T13:53:10.749+0000][gc,heap     ] GC(5) Old regions: 38->38
[2025-09-04T13:53:10.750+0000][gc,heap     ] GC(5) Archive regions: 2->2
[2025-09-04T13:53:10.750+0000][gc,heap     ] GC(5) Humongous regions: 0->0
[2025-09-04T13:53:10.750+0000][gc,metaspace] GC(5) Metaspace: 60568K(61056K)->60568K(61056K) NonClass: 53131K(53376K)->53131K(53376K) Class: 7437K(7680K)->7437K(7680K)
[2025-09-04T13:53:10.750+0000][gc          ] GC(5) Pause Young (Concurrent Start) (Metadata GC Threshold) 356M->59M(1024M) 16.911ms
[2025-09-04T13:53:10.751+0000][gc,cpu      ] GC(5) User=0.08s Sys=0.01s Real=0.02s
[2025-09-04T13:53:10.751+0000][gc          ] GC(6) Concurrent Mark Cycle
[2025-09-04T13:53:10.752+0000][gc,marking  ] GC(6) Concurrent Clear Claimed Marks
[2025-09-04T13:53:10.752+0000][gc,marking  ] GC(6) Concurrent Clear Claimed Marks 0.506ms
[2025-09-04T13:53:10.752+0000][gc,marking  ] GC(6) Concurrent Scan Root Regions
[2025-09-04T13:53:10.759+0000][gc,marking  ] GC(6) Concurrent Scan Root Regions 7.082ms
[2025-09-04T13:53:10.760+0000][gc,marking  ] GC(6) Concurrent Mark
[2025-09-04T13:53:10.760+0000][gc,marking  ] GC(6) Concurrent Mark From Roots
[2025-09-04T13:53:10.761+0000][gc,task     ] GC(6) Using 3 workers of 3 for marking
[2025-09-04T13:53:10.783+0000][gc,marking  ] GC(6) Concurrent Mark From Roots 23.134ms
[2025-09-04T13:53:10.784+0000][gc,marking  ] GC(6) Concurrent Preclean
[2025-09-04T13:53:10.785+0000][gc,marking  ] GC(6) Concurrent Preclean 0.653ms
[2025-09-04T13:53:10.785+0000][gc,start    ] GC(6) Pause Remark
[2025-09-04T13:53:10.790+0000][gc          ] GC(6) Pause Remark 66M->66M(1024M) 4.841ms
[2025-09-04T13:53:10.790+0000][gc,cpu      ] GC(6) User=0.01s Sys=0.01s Real=0.01s
[2025-09-04T13:53:10.791+0000][gc,marking  ] GC(6) Concurrent Mark 30.834ms
[2025-09-04T13:53:10.791+0000][gc,marking  ] GC(6) Concurrent Rebuild Remembered Sets
[2025-09-04T13:53:10.791+0000][gc,marking  ] GC(6) Concurrent Rebuild Remembered Sets 0.320ms
[2025-09-04T13:53:10.792+0000][gc,start    ] GC(6) Pause Cleanup
[2025-09-04T13:53:10.792+0000][gc          ] GC(6) Pause Cleanup 66M->66M(1024M) 0.299ms
[2025-09-04T13:53:10.792+0000][gc,cpu      ] GC(6) User=0.00s Sys=0.00s Real=0.00s
[2025-09-04T13:53:10.793+0000][gc,marking  ] GC(6) Concurrent Cleanup for Next Mark
[2025-09-04T13:53:10.794+0000][gc,marking  ] GC(6) Concurrent Cleanup for Next Mark 1.027ms
[2025-09-04T13:53:10.794+0000][gc          ] GC(6) Concurrent Mark Cycle 43.172ms
[2025-09-04T13:53:14.009+0000][gc,start    ] GC(7) Pause Young (Normal) (G1 Evacuation Pause)
[2025-09-04T13:53:14.009+0000][gc,task     ] GC(7) Using 13 workers of 13 for evacuation
[2025-09-04T13:53:14.026+0000][gc,phases   ] GC(7)   Pre Evacuate Collection Set: 0.5ms
[2025-09-04T13:53:14.026+0000][gc,phases   ] GC(7)   Merge Heap Roots: 0.4ms
[2025-09-04T13:53:14.027+0000][gc,phases   ] GC(7)   Evacuate Collection Set: 12.0ms
[2025-09-04T13:53:14.027+0000][gc,phases   ] GC(7)   Post Evacuate Collection Set: 3.3ms
[2025-09-04T13:53:14.027+0000][gc,phases   ] GC(7)   Other: 1.0ms
[2025-09-04T13:53:14.027+0000][gc,heap     ] GC(7) Eden regions: 491->0(463)
[2025-09-04T13:53:14.027+0000][gc,heap     ] GC(7) Survivor regions: 21->49(64)
[2025-09-04T13:53:14.028+0000][gc,heap     ] GC(7) Old regions: 38->38
[2025-09-04T13:53:14.028+0000][gc,heap     ] GC(7) Archive regions: 2->2
[2025-09-04T13:53:14.028+0000][gc,heap     ] GC(7) Humongous regions: 0->0
[2025-09-04T13:53:14.028+0000][gc,metaspace] GC(7) Metaspace: 73840K(74368K)->73840K(74368K) NonClass: 64545K(64832K)->64545K(64832K) Class: 9295K(9536K)->9295K(9536K)
[2025-09-04T13:53:14.028+0000][gc          ] GC(7) Pause Young (Normal) (G1 Evacuation Pause) 550M->87M(1024M) 19.624ms
[2025-09-04T13:53:14.029+0000][gc,cpu      ] GC(7) User=0.13s Sys=0.06s Real=0.02s
[2025-09-04T13:53:16.485+0000][gc,start    ] GC(8) Pause Young (Normal) (G1 Evacuation Pause)
[2025-09-04T13:53:16.485+0000][gc,task     ] GC(8) Using 13 workers of 13 for evacuation
[2025-09-04T13:53:16.510+0000][gc,phases   ] GC(8)   Pre Evacuate Collection Set: 0.4ms
[2025-09-04T13:53:16.510+0000][gc,phases   ] GC(8)   Merge Heap Roots: 0.3ms
[2025-09-04T13:53:16.511+0000][gc,phases   ] GC(8)   Evacuate Collection Set: 19.3ms
[2025-09-04T13:53:16.511+0000][gc,phases   ] GC(8)   Post Evacuate Collection Set: 4.1ms
[2025-09-04T13:53:16.511+0000][gc,phases   ] GC(8)   Other: 0.9ms
[2025-09-04T13:53:16.511+0000][gc,heap     ] GC(8) Eden regions: 463->0(452)
[2025-09-04T13:53:16.512+0000][gc,heap     ] GC(8) Survivor regions: 49->60(64)
[2025-09-04T13:53:16.512+0000][gc,heap     ] GC(8) Old regions: 38->57
[2025-09-04T13:53:16.512+0000][gc,heap     ] GC(8) Archive regions: 2->2
[2025-09-04T13:53:16.512+0000][gc,heap     ] GC(8) Humongous regions: 0->0
[2025-09-04T13:53:16.513+0000][gc,metaspace] GC(8) Metaspace: 81635K(82304K)->81635K(82304K) NonClass: 71365K(71744K)->71365K(71744K) Class: 10270K(10560K)->10270K(10560K)
[2025-09-04T13:53:16.513+0000][gc          ] GC(8) Pause Young (Normal) (G1 Evacuation Pause) 550M->117M(1024M) 27.883ms
[2025-09-04T13:53:16.513+0000][gc,cpu      ] GC(8) User=0.17s Sys=0.07s Real=0.03s
[2025-09-04T13:54:44.512+0000][gc,start    ] GC(9) Pause Young (Normal) (G1 Evacuation Pause)
[2025-09-04T13:54:44.512+0000][gc,task     ] GC(9) Using 13 workers of 13 for evacuation
[2025-09-04T13:54:44.532+0000][gc,phases   ] GC(9)   Pre Evacuate Collection Set: 0.8ms
[2025-09-04T13:54:44.532+0000][gc,phases   ] GC(9)   Merge Heap Roots: 0.4ms
[2025-09-04T13:54:44.532+0000][gc,phases   ] GC(9)   Evacuate Collection Set: 13.7ms
[2025-09-04T13:54:44.533+0000][gc,phases   ] GC(9)   Post Evacuate Collection Set: 4.0ms
[2025-09-04T13:54:44.533+0000][gc,phases   ] GC(9)   Other: 1.4ms
[2025-09-04T13:54:44.533+0000][gc,heap     ] GC(9) Eden regions: 452->0(487)
[2025-09-04T13:54:44.534+0000][gc,heap     ] GC(9) Survivor regions: 60->25(64)
[2025-09-04T13:54:44.534+0000][gc,heap     ] GC(9) Old regions: 57->79
[2025-09-04T13:54:44.534+0000][gc,heap     ] GC(9) Archive regions: 2->2
[2025-09-04T13:54:44.535+0000][gc,heap     ] GC(9) Humongous regions: 8->0
[2025-09-04T13:54:44.535+0000][gc,metaspace] GC(9) Metaspace: 90442K(91264K)->90442K(91264K) NonClass: 79269K(79680K)->79269K(79680K) Class: 11173K(11584K)->11173K(11584K)
[2025-09-04T13:54:44.535+0000][gc          ] GC(9) Pause Young (Normal) (G1 Evacuation Pause) 577M->103M(1024M) 23.438ms
[2025-09-04T13:54:44.536+0000][gc,cpu      ] GC(9) User=0.11s Sys=0.03s Real=0.03s
[2025-09-04T13:54:45.339+0000][gc,heap,exit] Heap
[2025-09-04T13:54:45.340+0000][gc,heap,exit]  garbage-first heap   total 1048576K, used 123904K [0x00000000c0000000, 0x0000000100000000)
[2025-09-04T13:54:45.340+0000][gc,heap,exit]   region size 1024K, 43 young (44032K), 25 survivors (25600K)
[2025-09-04T13:54:45.340+0000][gc,heap,exit]  Metaspace       used 90497K, committed 91328K, reserved 1179648K
[2025-09-04T13:54:45.340+0000][gc,heap,exit]   class space    used 11182K, committed 11584K, reserved 1048576K
