2025-09-04 11:23:49,209 INFO use local db service for init

2025-09-04 11:23:51,452 WARN Lexical error at line 4, column 66.  Encountered: <EOF> after : "".

2025-09-04 11:23:51,457 WARN Syntax error: Encountered "*" at line 1, column 1.

2025-09-04 11:23:52,352 WARN Column 'SRC_IP' already exists in Table/View '"NACOS"."HIS_CONFIG_INFO"'.

2025-09-04 11:23:52,357 WARN Column 'SRC_IP' already exists in Table/View '"NACOS"."CONFIG_INFO"'.

2025-09-04 11:23:52,362 WARN Column 'PUBLISH_TYPE' already exists in Table/View '"NACOS"."HIS_CONFIG_INFO"'.

2025-09-04 11:23:52,365 WARN Column 'EXT_INFO' already exists in Table/View '"NACOS"."HIS_CONFIG_INFO"'.

2025-09-04 11:23:52,369 WARN Column 'GRAY_NAME' already exists in Table/View '"NACOS"."HIS_CONFIG_INFO"'.

2025-09-04 11:23:52,370 INFO use StandaloneDatabaseOperateImpl

2025-09-04 11:23:53,629 ERROR [db-error] DataAccessException : caused: StatementCallback; bad SQL grammar [SELECT COUNT(*) FROM config_info_beta ];caused: Table/View 'CONFIG_INFO_BETA' does not exist.;caused: Table/View 'CONFIG_INFO_BETA' does not exist.;

2025-09-04 11:24:02,560 ERROR [db-error] DataAccessException : caused: StatementCallback; bad SQL grammar [SELECT COUNT(*) FROM config_info_beta ];caused: Table/View 'CONFIG_INFO_BETA' does not exist.;caused: Table/View 'CONFIG_INFO_BETA' does not exist.;

2025-09-04 11:24:04,804 ERROR [db-error] DataAccessException : caused: StatementCallback; bad SQL grammar [SELECT COUNT(*) FROM config_info_beta ];caused: Table/View 'CONFIG_INFO_BETA' does not exist.;caused: Table/View 'CONFIG_INFO_BETA' does not exist.;

2025-09-04 11:27:26,950 INFO use local db service for init

2025-09-04 11:27:28,968 WARN Lexical error at line 4, column 66.  Encountered: <EOF> after : "".

2025-09-04 11:27:28,973 WARN Syntax error: Encountered "*" at line 1, column 1.

2025-09-04 11:27:29,932 WARN Column 'SRC_IP' already exists in Table/View '"NACOS"."HIS_CONFIG_INFO"'.

2025-09-04 11:27:29,935 WARN Column 'SRC_IP' already exists in Table/View '"NACOS"."CONFIG_INFO"'.

2025-09-04 11:27:29,938 WARN Column 'PUBLISH_TYPE' already exists in Table/View '"NACOS"."HIS_CONFIG_INFO"'.

2025-09-04 11:27:29,942 WARN Column 'EXT_INFO' already exists in Table/View '"NACOS"."HIS_CONFIG_INFO"'.

2025-09-04 11:27:29,945 WARN Column 'GRAY_NAME' already exists in Table/View '"NACOS"."HIS_CONFIG_INFO"'.

2025-09-04 11:27:29,945 INFO use StandaloneDatabaseOperateImpl

2025-09-04 11:27:30,915 ERROR [db-error] DataAccessException : caused: StatementCallback; bad SQL grammar [SELECT COUNT(*) FROM config_info_beta ];caused: Table/View 'CONFIG_INFO_BETA' does not exist.;caused: Table/View 'CONFIG_INFO_BETA' does not exist.;

2025-09-04 11:27:40,548 ERROR [db-error] DataAccessException : caused: StatementCallback; bad SQL grammar [SELECT COUNT(*) FROM config_info_beta ];caused: Table/View 'CONFIG_INFO_BETA' does not exist.;caused: Table/View 'CONFIG_INFO_BETA' does not exist.;

2025-09-04 11:27:42,478 ERROR [db-error] DataAccessException : caused: StatementCallback; bad SQL grammar [SELECT COUNT(*) FROM config_info_beta ];caused: Table/View 'CONFIG_INFO_BETA' does not exist.;caused: Table/View 'CONFIG_INFO_BETA' does not exist.;

2025-09-04 11:34:30,743 INFO use local db service for init

2025-09-04 11:34:32,841 WARN Lexical error at line 4, column 66.  Encountered: <EOF> after : "".

2025-09-04 11:34:32,848 WARN Syntax error: Encountered "*" at line 1, column 1.

2025-09-04 11:34:33,640 WARN Column 'SRC_IP' already exists in Table/View '"NACOS"."HIS_CONFIG_INFO"'.

2025-09-04 11:34:33,644 WARN Column 'SRC_IP' already exists in Table/View '"NACOS"."CONFIG_INFO"'.

2025-09-04 11:34:33,649 WARN Column 'PUBLISH_TYPE' already exists in Table/View '"NACOS"."HIS_CONFIG_INFO"'.

2025-09-04 11:34:33,652 WARN Column 'EXT_INFO' already exists in Table/View '"NACOS"."HIS_CONFIG_INFO"'.

2025-09-04 11:34:33,657 WARN Column 'GRAY_NAME' already exists in Table/View '"NACOS"."HIS_CONFIG_INFO"'.

2025-09-04 11:34:33,657 INFO use StandaloneDatabaseOperateImpl

2025-09-04 11:34:34,656 ERROR [db-error] DataAccessException : caused: StatementCallback; bad SQL grammar [SELECT COUNT(*) FROM config_info_beta ];caused: Table/View 'CONFIG_INFO_BETA' does not exist.;caused: Table/View 'CONFIG_INFO_BETA' does not exist.;

2025-09-04 11:34:43,154 ERROR [db-error] DataAccessException : caused: StatementCallback; bad SQL grammar [SELECT COUNT(*) FROM config_info_beta ];caused: Table/View 'CONFIG_INFO_BETA' does not exist.;caused: Table/View 'CONFIG_INFO_BETA' does not exist.;

2025-09-04 11:34:45,217 ERROR [db-error] DataAccessException : caused: StatementCallback; bad SQL grammar [SELECT COUNT(*) FROM config_info_beta ];caused: Table/View 'CONFIG_INFO_BETA' does not exist.;caused: Table/View 'CONFIG_INFO_BETA' does not exist.;

2025-09-04 11:44:16,385 INFO use local db service for init

2025-09-04 11:44:18,447 WARN Lexical error at line 4, column 66.  Encountered: <EOF> after : "".

2025-09-04 11:44:18,453 WARN Syntax error: Encountered "*" at line 1, column 1.

2025-09-04 11:44:19,290 WARN Column 'SRC_IP' already exists in Table/View '"NACOS"."HIS_CONFIG_INFO"'.

2025-09-04 11:44:19,294 WARN Column 'SRC_IP' already exists in Table/View '"NACOS"."CONFIG_INFO"'.

2025-09-04 11:44:19,300 WARN Column 'PUBLISH_TYPE' already exists in Table/View '"NACOS"."HIS_CONFIG_INFO"'.

2025-09-04 11:44:19,304 WARN Column 'EXT_INFO' already exists in Table/View '"NACOS"."HIS_CONFIG_INFO"'.

2025-09-04 11:44:19,308 WARN Column 'GRAY_NAME' already exists in Table/View '"NACOS"."HIS_CONFIG_INFO"'.

2025-09-04 11:44:19,308 INFO use StandaloneDatabaseOperateImpl

2025-09-04 11:44:20,279 ERROR [db-error] DataAccessException : caused: StatementCallback; bad SQL grammar [SELECT COUNT(*) FROM config_info_beta ];caused: Table/View 'CONFIG_INFO_BETA' does not exist.;caused: Table/View 'CONFIG_INFO_BETA' does not exist.;

2025-09-04 11:44:29,829 ERROR [db-error] DataAccessException : caused: StatementCallback; bad SQL grammar [SELECT COUNT(*) FROM config_info_beta ];caused: Table/View 'CONFIG_INFO_BETA' does not exist.;caused: Table/View 'CONFIG_INFO_BETA' does not exist.;

2025-09-04 11:44:31,794 ERROR [db-error] DataAccessException : caused: StatementCallback; bad SQL grammar [SELECT COUNT(*) FROM config_info_beta ];caused: Table/View 'CONFIG_INFO_BETA' does not exist.;caused: Table/View 'CONFIG_INFO_BETA' does not exist.;

2025-09-04 11:52:07,577 INFO use local db service for init

2025-09-04 11:52:09,708 WARN Lexical error at line 4, column 66.  Encountered: <EOF> after : "".

2025-09-04 11:52:09,715 WARN Syntax error: Encountered "*" at line 1, column 1.

2025-09-04 11:52:10,471 WARN Column 'SRC_IP' already exists in Table/View '"NACOS"."HIS_CONFIG_INFO"'.

2025-09-04 11:52:10,476 WARN Column 'SRC_IP' already exists in Table/View '"NACOS"."CONFIG_INFO"'.

2025-09-04 11:52:10,481 WARN Column 'PUBLISH_TYPE' already exists in Table/View '"NACOS"."HIS_CONFIG_INFO"'.

2025-09-04 11:52:10,485 WARN Column 'EXT_INFO' already exists in Table/View '"NACOS"."HIS_CONFIG_INFO"'.

2025-09-04 11:52:10,489 WARN Column 'GRAY_NAME' already exists in Table/View '"NACOS"."HIS_CONFIG_INFO"'.

2025-09-04 11:52:10,490 INFO use StandaloneDatabaseOperateImpl

2025-09-04 11:52:11,505 ERROR [db-error] DataAccessException : caused: StatementCallback; bad SQL grammar [SELECT COUNT(*) FROM config_info_beta ];caused: Table/View 'CONFIG_INFO_BETA' does not exist.;caused: Table/View 'CONFIG_INFO_BETA' does not exist.;

2025-09-04 11:52:21,142 ERROR [db-error] DataAccessException : caused: StatementCallback; bad SQL grammar [SELECT COUNT(*) FROM config_info_beta ];caused: Table/View 'CONFIG_INFO_BETA' does not exist.;caused: Table/View 'CONFIG_INFO_BETA' does not exist.;

2025-09-04 11:52:21,874 ERROR [db-error] DataAccessException : caused: StatementCallback; bad SQL grammar [SELECT COUNT(*) FROM config_info_beta ];caused: Table/View 'CONFIG_INFO_BETA' does not exist.;caused: Table/View 'CONFIG_INFO_BETA' does not exist.;

2025-09-04 11:57:32,340 INFO use local db service for init

2025-09-04 11:57:34,499 WARN Lexical error at line 4, column 66.  Encountered: <EOF> after : "".

2025-09-04 11:57:34,504 WARN Syntax error: Encountered "*" at line 1, column 1.

2025-09-04 11:57:35,252 WARN Column 'SRC_IP' already exists in Table/View '"NACOS"."HIS_CONFIG_INFO"'.

2025-09-04 11:57:35,256 WARN Column 'SRC_IP' already exists in Table/View '"NACOS"."CONFIG_INFO"'.

2025-09-04 11:57:35,260 WARN Column 'PUBLISH_TYPE' already exists in Table/View '"NACOS"."HIS_CONFIG_INFO"'.

2025-09-04 11:57:35,267 WARN Column 'EXT_INFO' already exists in Table/View '"NACOS"."HIS_CONFIG_INFO"'.

2025-09-04 11:57:35,270 WARN Column 'GRAY_NAME' already exists in Table/View '"NACOS"."HIS_CONFIG_INFO"'.

2025-09-04 11:57:35,272 INFO use StandaloneDatabaseOperateImpl

2025-09-04 11:57:36,246 ERROR [db-error] DataAccessException : caused: StatementCallback; bad SQL grammar [SELECT COUNT(*) FROM config_info_beta ];caused: Table/View 'CONFIG_INFO_BETA' does not exist.;caused: Table/View 'CONFIG_INFO_BETA' does not exist.;

2025-09-04 11:57:45,117 ERROR [db-error] DataAccessException : caused: StatementCallback; bad SQL grammar [SELECT COUNT(*) FROM config_info_beta ];caused: Table/View 'CONFIG_INFO_BETA' does not exist.;caused: Table/View 'CONFIG_INFO_BETA' does not exist.;

2025-09-04 11:57:47,259 ERROR [db-error] DataAccessException : caused: StatementCallback; bad SQL grammar [SELECT COUNT(*) FROM config_info_beta ];caused: Table/View 'CONFIG_INFO_BETA' does not exist.;caused: Table/View 'CONFIG_INFO_BETA' does not exist.;

2025-09-04 12:47:46,840 INFO use local db service for init

2025-09-04 12:47:48,343 WARN Lexical error at line 4, column 66.  Encountered: <EOF> after : "".

2025-09-04 12:47:48,346 WARN Syntax error: Encountered "*" at line 1, column 1.

2025-09-04 12:47:48,917 WARN Column 'SRC_IP' already exists in Table/View '"NACOS"."HIS_CONFIG_INFO"'.

2025-09-04 12:47:48,922 WARN Column 'SRC_IP' already exists in Table/View '"NACOS"."CONFIG_INFO"'.

2025-09-04 12:47:48,927 WARN Column 'PUBLISH_TYPE' already exists in Table/View '"NACOS"."HIS_CONFIG_INFO"'.

2025-09-04 12:47:48,931 WARN Column 'EXT_INFO' already exists in Table/View '"NACOS"."HIS_CONFIG_INFO"'.

2025-09-04 12:47:48,934 WARN Column 'GRAY_NAME' already exists in Table/View '"NACOS"."HIS_CONFIG_INFO"'.

2025-09-04 12:47:48,934 INFO use StandaloneDatabaseOperateImpl

2025-09-04 12:47:49,722 ERROR [db-error] DataAccessException : caused: StatementCallback; bad SQL grammar [SELECT COUNT(*) FROM config_info_beta ];caused: Table/View 'CONFIG_INFO_BETA' does not exist.;caused: Table/View 'CONFIG_INFO_BETA' does not exist.;

2025-09-04 12:47:56,638 ERROR [db-error] DataAccessException : caused: StatementCallback; bad SQL grammar [SELECT COUNT(*) FROM config_info_beta ];caused: Table/View 'CONFIG_INFO_BETA' does not exist.;caused: Table/View 'CONFIG_INFO_BETA' does not exist.;

2025-09-04 12:47:58,010 ERROR [db-error] DataAccessException : caused: StatementCallback; bad SQL grammar [SELECT COUNT(*) FROM config_info_beta ];caused: Table/View 'CONFIG_INFO_BETA' does not exist.;caused: Table/View 'CONFIG_INFO_BETA' does not exist.;

2025-09-04 12:49:36,123 INFO use local db service for init

2025-09-04 12:49:37,490 WARN Lexical error at line 4, column 66.  Encountered: <EOF> after : "".

2025-09-04 12:49:37,495 WARN Syntax error: Encountered "*" at line 1, column 1.

2025-09-04 12:49:38,035 WARN Column 'SRC_IP' already exists in Table/View '"NACOS"."HIS_CONFIG_INFO"'.

2025-09-04 12:49:38,037 WARN Column 'SRC_IP' already exists in Table/View '"NACOS"."CONFIG_INFO"'.

2025-09-04 12:49:38,040 WARN Column 'PUBLISH_TYPE' already exists in Table/View '"NACOS"."HIS_CONFIG_INFO"'.

2025-09-04 12:49:38,043 WARN Column 'EXT_INFO' already exists in Table/View '"NACOS"."HIS_CONFIG_INFO"'.

2025-09-04 12:49:38,046 WARN Column 'GRAY_NAME' already exists in Table/View '"NACOS"."HIS_CONFIG_INFO"'.

2025-09-04 12:49:38,047 INFO use StandaloneDatabaseOperateImpl

2025-09-04 12:49:38,708 ERROR [db-error] DataAccessException : caused: StatementCallback; bad SQL grammar [SELECT COUNT(*) FROM config_info_beta ];caused: Table/View 'CONFIG_INFO_BETA' does not exist.;caused: Table/View 'CONFIG_INFO_BETA' does not exist.;

2025-09-04 12:49:44,198 ERROR [db-error] DataAccessException : caused: StatementCallback; bad SQL grammar [SELECT COUNT(*) FROM config_info_beta ];caused: Table/View 'CONFIG_INFO_BETA' does not exist.;caused: Table/View 'CONFIG_INFO_BETA' does not exist.;

2025-09-04 12:49:45,610 ERROR [db-error] DataAccessException : caused: StatementCallback; bad SQL grammar [SELECT COUNT(*) FROM config_info_beta ];caused: Table/View 'CONFIG_INFO_BETA' does not exist.;caused: Table/View 'CONFIG_INFO_BETA' does not exist.;

2025-09-04 12:57:03,613 INFO use local db service for init

2025-09-04 12:57:04,947 WARN Lexical error at line 4, column 66.  Encountered: <EOF> after : "".

2025-09-04 12:57:04,950 WARN Syntax error: Encountered "*" at line 1, column 1.

2025-09-04 12:57:05,522 WARN Column 'SRC_IP' already exists in Table/View '"NACOS"."HIS_CONFIG_INFO"'.

2025-09-04 12:57:05,526 WARN Column 'SRC_IP' already exists in Table/View '"NACOS"."CONFIG_INFO"'.

2025-09-04 12:57:05,530 WARN Column 'PUBLISH_TYPE' already exists in Table/View '"NACOS"."HIS_CONFIG_INFO"'.

2025-09-04 12:57:05,536 WARN Column 'EXT_INFO' already exists in Table/View '"NACOS"."HIS_CONFIG_INFO"'.

2025-09-04 12:57:05,541 WARN Column 'GRAY_NAME' already exists in Table/View '"NACOS"."HIS_CONFIG_INFO"'.

2025-09-04 12:57:05,541 INFO use StandaloneDatabaseOperateImpl

2025-09-04 12:57:06,214 ERROR [db-error] DataAccessException : caused: StatementCallback; bad SQL grammar [SELECT COUNT(*) FROM config_info_beta ];caused: Table/View 'CONFIG_INFO_BETA' does not exist.;caused: Table/View 'CONFIG_INFO_BETA' does not exist.;

2025-09-04 12:57:12,656 ERROR [db-error] DataAccessException : caused: StatementCallback; bad SQL grammar [SELECT COUNT(*) FROM config_info_beta ];caused: Table/View 'CONFIG_INFO_BETA' does not exist.;caused: Table/View 'CONFIG_INFO_BETA' does not exist.;

2025-09-04 12:57:14,079 ERROR [db-error] DataAccessException : caused: StatementCallback; bad SQL grammar [SELECT COUNT(*) FROM config_info_beta ];caused: Table/View 'CONFIG_INFO_BETA' does not exist.;caused: Table/View 'CONFIG_INFO_BETA' does not exist.;

2025-09-04 13:19:25,866 INFO use local db service for init

2025-09-04 13:19:27,364 WARN Lexical error at line 4, column 66.  Encountered: <EOF> after : "".

2025-09-04 13:19:27,368 WARN Syntax error: Encountered "*" at line 1, column 1.

2025-09-04 13:19:27,947 WARN Column 'SRC_IP' already exists in Table/View '"NACOS"."HIS_CONFIG_INFO"'.

2025-09-04 13:19:27,950 WARN Column 'SRC_IP' already exists in Table/View '"NACOS"."CONFIG_INFO"'.

2025-09-04 13:19:27,954 WARN Column 'PUBLISH_TYPE' already exists in Table/View '"NACOS"."HIS_CONFIG_INFO"'.

2025-09-04 13:19:27,957 WARN Column 'EXT_INFO' already exists in Table/View '"NACOS"."HIS_CONFIG_INFO"'.

2025-09-04 13:19:27,960 WARN Column 'GRAY_NAME' already exists in Table/View '"NACOS"."HIS_CONFIG_INFO"'.

2025-09-04 13:19:27,961 INFO use StandaloneDatabaseOperateImpl

2025-09-04 13:19:28,776 ERROR [db-error] DataAccessException : caused: StatementCallback; bad SQL grammar [SELECT COUNT(*) FROM config_info_beta ];caused: Table/View 'CONFIG_INFO_BETA' does not exist.;caused: Table/View 'CONFIG_INFO_BETA' does not exist.;

2025-09-04 13:19:36,632 ERROR [db-error] DataAccessException : caused: StatementCallback; bad SQL grammar [SELECT COUNT(*) FROM config_info_beta ];caused: Table/View 'CONFIG_INFO_BETA' does not exist.;caused: Table/View 'CONFIG_INFO_BETA' does not exist.;

2025-09-04 13:19:38,057 ERROR [db-error] DataAccessException : caused: StatementCallback; bad SQL grammar [SELECT COUNT(*) FROM config_info_beta ];caused: Table/View 'CONFIG_INFO_BETA' does not exist.;caused: Table/View 'CONFIG_INFO_BETA' does not exist.;

2025-09-04 13:31:22,722 INFO use local db service for init

2025-09-04 13:31:24,074 WARN Lexical error at line 4, column 66.  Encountered: <EOF> after : "".

2025-09-04 13:31:24,077 WARN Syntax error: Encountered "*" at line 1, column 1.

2025-09-04 13:31:24,623 WARN Column 'SRC_IP' already exists in Table/View '"NACOS"."HIS_CONFIG_INFO"'.

2025-09-04 13:31:24,626 WARN Column 'SRC_IP' already exists in Table/View '"NACOS"."CONFIG_INFO"'.

2025-09-04 13:31:24,629 WARN Column 'PUBLISH_TYPE' already exists in Table/View '"NACOS"."HIS_CONFIG_INFO"'.

2025-09-04 13:31:24,632 WARN Column 'EXT_INFO' already exists in Table/View '"NACOS"."HIS_CONFIG_INFO"'.

2025-09-04 13:31:24,636 WARN Column 'GRAY_NAME' already exists in Table/View '"NACOS"."HIS_CONFIG_INFO"'.

2025-09-04 13:31:24,637 INFO use StandaloneDatabaseOperateImpl

2025-09-04 13:31:25,427 ERROR [db-error] DataAccessException : caused: StatementCallback; bad SQL grammar [SELECT COUNT(*) FROM config_info_beta ];caused: Table/View 'CONFIG_INFO_BETA' does not exist.;caused: Table/View 'CONFIG_INFO_BETA' does not exist.;

2025-09-04 13:31:32,107 ERROR [db-error] DataAccessException : caused: StatementCallback; bad SQL grammar [SELECT COUNT(*) FROM config_info_beta ];caused: Table/View 'CONFIG_INFO_BETA' does not exist.;caused: Table/View 'CONFIG_INFO_BETA' does not exist.;

2025-09-04 13:31:33,683 ERROR [db-error] DataAccessException : caused: StatementCallback; bad SQL grammar [SELECT COUNT(*) FROM config_info_beta ];caused: Table/View 'CONFIG_INFO_BETA' does not exist.;caused: Table/View 'CONFIG_INFO_BETA' does not exist.;

2025-09-04 13:33:48,289 INFO use local db service for init

2025-09-04 13:33:49,929 WARN Lexical error at line 4, column 66.  Encountered: <EOF> after : "".

2025-09-04 13:33:49,934 WARN Syntax error: Encountered "*" at line 1, column 1.

2025-09-04 13:33:50,585 WARN Column 'SRC_IP' already exists in Table/View '"NACOS"."HIS_CONFIG_INFO"'.

2025-09-04 13:33:50,595 WARN Column 'SRC_IP' already exists in Table/View '"NACOS"."CONFIG_INFO"'.

2025-09-04 13:33:50,600 WARN Column 'PUBLISH_TYPE' already exists in Table/View '"NACOS"."HIS_CONFIG_INFO"'.

2025-09-04 13:33:50,604 WARN Column 'EXT_INFO' already exists in Table/View '"NACOS"."HIS_CONFIG_INFO"'.

2025-09-04 13:33:50,609 WARN Column 'GRAY_NAME' already exists in Table/View '"NACOS"."HIS_CONFIG_INFO"'.

2025-09-04 13:33:50,609 INFO use StandaloneDatabaseOperateImpl

2025-09-04 13:33:51,348 ERROR [db-error] DataAccessException : caused: StatementCallback; bad SQL grammar [SELECT COUNT(*) FROM config_info_beta ];caused: Table/View 'CONFIG_INFO_BETA' does not exist.;caused: Table/View 'CONFIG_INFO_BETA' does not exist.;

2025-09-04 13:33:58,133 ERROR [db-error] DataAccessException : caused: StatementCallback; bad SQL grammar [SELECT COUNT(*) FROM config_info_beta ];caused: Table/View 'CONFIG_INFO_BETA' does not exist.;caused: Table/View 'CONFIG_INFO_BETA' does not exist.;

2025-09-04 13:45:35,588 INFO use local db service for init

2025-09-04 13:45:36,986 WARN Lexical error at line 4, column 66.  Encountered: <EOF> after : "".

2025-09-04 13:45:36,991 WARN Syntax error: Encountered "*" at line 1, column 1.

2025-09-04 13:45:37,564 WARN Column 'SRC_IP' already exists in Table/View '"NACOS"."HIS_CONFIG_INFO"'.

2025-09-04 13:45:37,567 WARN Column 'SRC_IP' already exists in Table/View '"NACOS"."CONFIG_INFO"'.

2025-09-04 13:45:37,571 WARN Column 'PUBLISH_TYPE' already exists in Table/View '"NACOS"."HIS_CONFIG_INFO"'.

2025-09-04 13:45:37,575 WARN Column 'EXT_INFO' already exists in Table/View '"NACOS"."HIS_CONFIG_INFO"'.

2025-09-04 13:45:37,577 WARN Column 'GRAY_NAME' already exists in Table/View '"NACOS"."HIS_CONFIG_INFO"'.

2025-09-04 13:45:37,578 INFO use StandaloneDatabaseOperateImpl

2025-09-04 13:45:38,255 ERROR [db-error] DataAccessException : caused: StatementCallback; bad SQL grammar [SELECT COUNT(*) FROM config_info_beta ];caused: Table/View 'CONFIG_INFO_BETA' does not exist.;caused: Table/View 'CONFIG_INFO_BETA' does not exist.;

2025-09-04 13:45:45,655 ERROR [db-error] DataAccessException : caused: StatementCallback; bad SQL grammar [SELECT COUNT(*) FROM config_info_beta ];caused: Table/View 'CONFIG_INFO_BETA' does not exist.;caused: Table/View 'CONFIG_INFO_BETA' does not exist.;

2025-09-04 13:45:47,140 ERROR [db-error] DataAccessException : caused: StatementCallback; bad SQL grammar [SELECT COUNT(*) FROM config_info_beta ];caused: Table/View 'CONFIG_INFO_BETA' does not exist.;caused: Table/View 'CONFIG_INFO_BETA' does not exist.;

2025-09-04 14:08:12,496 INFO use local db service for init

2025-09-04 14:08:13,852 WARN Lexical error at line 4, column 66.  Encountered: <EOF> after : "".

2025-09-04 14:08:13,856 WARN Syntax error: Encountered "*" at line 1, column 1.

2025-09-04 14:08:14,519 WARN Column 'SRC_IP' already exists in Table/View '"NACOS"."HIS_CONFIG_INFO"'.

2025-09-04 14:08:14,523 WARN Column 'SRC_IP' already exists in Table/View '"NACOS"."CONFIG_INFO"'.

2025-09-04 14:08:14,530 WARN Column 'PUBLISH_TYPE' already exists in Table/View '"NACOS"."HIS_CONFIG_INFO"'.

2025-09-04 14:08:14,534 WARN Column 'EXT_INFO' already exists in Table/View '"NACOS"."HIS_CONFIG_INFO"'.

2025-09-04 14:08:14,537 WARN Column 'GRAY_NAME' already exists in Table/View '"NACOS"."HIS_CONFIG_INFO"'.

2025-09-04 14:08:14,538 INFO use StandaloneDatabaseOperateImpl

2025-09-04 14:08:15,274 ERROR [db-error] DataAccessException : caused: StatementCallback; bad SQL grammar [SELECT COUNT(*) FROM config_info_beta ];caused: Table/View 'CONFIG_INFO_BETA' does not exist.;caused: Table/View 'CONFIG_INFO_BETA' does not exist.;

2025-09-04 14:08:22,933 ERROR [db-error] DataAccessException : caused: StatementCallback; bad SQL grammar [SELECT COUNT(*) FROM config_info_beta ];caused: Table/View 'CONFIG_INFO_BETA' does not exist.;caused: Table/View 'CONFIG_INFO_BETA' does not exist.;

2025-09-04 14:08:23,326 ERROR [db-error] DataAccessException : caused: StatementCallback; bad SQL grammar [SELECT COUNT(*) FROM config_info_beta ];caused: Table/View 'CONFIG_INFO_BETA' does not exist.;caused: Table/View 'CONFIG_INFO_BETA' does not exist.;

2025-09-04 14:18:28,427 INFO use local db service for init

2025-09-04 14:18:29,739 WARN Lexical error at line 4, column 66.  Encountered: <EOF> after : "".

2025-09-04 14:18:29,744 WARN Syntax error: Encountered "*" at line 1, column 1.

2025-09-04 14:18:30,443 WARN Column 'SRC_IP' already exists in Table/View '"NACOS"."HIS_CONFIG_INFO"'.

2025-09-04 14:18:30,447 WARN Column 'SRC_IP' already exists in Table/View '"NACOS"."CONFIG_INFO"'.

2025-09-04 14:18:30,452 WARN Column 'PUBLISH_TYPE' already exists in Table/View '"NACOS"."HIS_CONFIG_INFO"'.

2025-09-04 14:18:30,456 WARN Column 'EXT_INFO' already exists in Table/View '"NACOS"."HIS_CONFIG_INFO"'.

2025-09-04 14:18:30,459 WARN Column 'GRAY_NAME' already exists in Table/View '"NACOS"."HIS_CONFIG_INFO"'.

2025-09-04 14:18:30,460 INFO use StandaloneDatabaseOperateImpl

2025-09-04 14:18:31,359 ERROR [db-error] DataAccessException : caused: StatementCallback; bad SQL grammar [SELECT COUNT(*) FROM config_info_beta ];caused: Table/View 'CONFIG_INFO_BETA' does not exist.;caused: Table/View 'CONFIG_INFO_BETA' does not exist.;

2025-09-04 14:18:38,568 ERROR [db-error] DataAccessException : caused: StatementCallback; bad SQL grammar [SELECT COUNT(*) FROM config_info_beta ];caused: Table/View 'CONFIG_INFO_BETA' does not exist.;caused: Table/View 'CONFIG_INFO_BETA' does not exist.;

2025-09-04 14:18:40,191 ERROR [db-error] DataAccessException : caused: StatementCallback; bad SQL grammar [SELECT COUNT(*) FROM config_info_beta ];caused: Table/View 'CONFIG_INFO_BETA' does not exist.;caused: Table/View 'CONFIG_INFO_BETA' does not exist.;

2025-09-04 14:21:50,954 INFO use local db service for init

2025-09-04 14:21:51,606 WARN Lexical error at line 4, column 66.  Encountered: <EOF> after : "".

2025-09-04 14:21:51,614 WARN Syntax error: Encountered "*" at line 1, column 1.

2025-09-04 14:21:52,337 WARN Column 'SRC_IP' already exists in Table/View '"NACOS"."HIS_CONFIG_INFO"'.

2025-09-04 14:21:52,342 WARN Column 'SRC_IP' already exists in Table/View '"NACOS"."CONFIG_INFO"'.

2025-09-04 14:21:52,346 WARN Column 'PUBLISH_TYPE' already exists in Table/View '"NACOS"."HIS_CONFIG_INFO"'.

2025-09-04 14:21:52,350 WARN Column 'EXT_INFO' already exists in Table/View '"NACOS"."HIS_CONFIG_INFO"'.

2025-09-04 14:21:52,354 WARN Column 'GRAY_NAME' already exists in Table/View '"NACOS"."HIS_CONFIG_INFO"'.

2025-09-04 14:21:52,355 INFO use StandaloneDatabaseOperateImpl

2025-09-04 14:21:53,197 ERROR [db-error] DataAccessException : caused: StatementCallback; bad SQL grammar [SELECT COUNT(*) FROM config_info_beta ];caused: Table/View 'CONFIG_INFO_BETA' does not exist.;caused: Table/View 'CONFIG_INFO_BETA' does not exist.;

2025-09-04 14:22:00,003 ERROR [db-error] DataAccessException : caused: StatementCallback; bad SQL grammar [SELECT COUNT(*) FROM config_info_beta ];caused: Table/View 'CONFIG_INFO_BETA' does not exist.;caused: Table/View 'CONFIG_INFO_BETA' does not exist.;

2025-09-04 14:22:01,333 ERROR [db-error] DataAccessException : caused: StatementCallback; bad SQL grammar [SELECT COUNT(*) FROM config_info_beta ];caused: Table/View 'CONFIG_INFO_BETA' does not exist.;caused: Table/View 'CONFIG_INFO_BETA' does not exist.;

2025-09-04 14:24:31,352 INFO use local db service for init

2025-09-04 14:24:33,160 WARN Lexical error at line 4, column 66.  Encountered: <EOF> after : "".

2025-09-04 14:24:33,166 WARN Syntax error: Encountered "*" at line 1, column 1.

2025-09-04 14:24:33,843 WARN Column 'SRC_IP' already exists in Table/View '"NACOS"."HIS_CONFIG_INFO"'.

2025-09-04 14:24:33,847 WARN Column 'SRC_IP' already exists in Table/View '"NACOS"."CONFIG_INFO"'.

2025-09-04 14:24:33,851 WARN Column 'PUBLISH_TYPE' already exists in Table/View '"NACOS"."HIS_CONFIG_INFO"'.

2025-09-04 14:24:33,854 WARN Column 'EXT_INFO' already exists in Table/View '"NACOS"."HIS_CONFIG_INFO"'.

2025-09-04 14:24:33,856 WARN Column 'GRAY_NAME' already exists in Table/View '"NACOS"."HIS_CONFIG_INFO"'.

2025-09-04 14:24:33,857 INFO use StandaloneDatabaseOperateImpl

2025-09-04 14:24:34,738 ERROR [db-error] DataAccessException : caused: StatementCallback; bad SQL grammar [SELECT COUNT(*) FROM config_info_beta ];caused: Table/View 'CONFIG_INFO_BETA' does not exist.;caused: Table/View 'CONFIG_INFO_BETA' does not exist.;

2025-09-04 14:24:42,023 ERROR [db-error] DataAccessException : caused: StatementCallback; bad SQL grammar [SELECT COUNT(*) FROM config_info_beta ];caused: Table/View 'CONFIG_INFO_BETA' does not exist.;caused: Table/View 'CONFIG_INFO_BETA' does not exist.;

2025-09-04 14:24:43,505 ERROR [db-error] DataAccessException : caused: StatementCallback; bad SQL grammar [SELECT COUNT(*) FROM config_info_beta ];caused: Table/View 'CONFIG_INFO_BETA' does not exist.;caused: Table/View 'CONFIG_INFO_BETA' does not exist.;

2025-09-04 14:38:01,986 INFO use local db service for init

2025-09-04 14:38:03,425 WARN Lexical error at line 4, column 66.  Encountered: <EOF> after : "".

2025-09-04 14:38:03,430 WARN Syntax error: Encountered "*" at line 1, column 1.

2025-09-04 14:38:04,034 WARN Column 'SRC_IP' already exists in Table/View '"NACOS"."HIS_CONFIG_INFO"'.

2025-09-04 14:38:04,038 WARN Column 'SRC_IP' already exists in Table/View '"NACOS"."CONFIG_INFO"'.

2025-09-04 14:38:04,043 WARN Column 'PUBLISH_TYPE' already exists in Table/View '"NACOS"."HIS_CONFIG_INFO"'.

2025-09-04 14:38:04,049 WARN Column 'EXT_INFO' already exists in Table/View '"NACOS"."HIS_CONFIG_INFO"'.

2025-09-04 14:38:04,053 WARN Column 'GRAY_NAME' already exists in Table/View '"NACOS"."HIS_CONFIG_INFO"'.

2025-09-04 14:38:04,053 INFO use StandaloneDatabaseOperateImpl

2025-09-04 14:38:04,790 ERROR [db-error] DataAccessException : caused: StatementCallback; bad SQL grammar [SELECT COUNT(*) FROM config_info_beta ];caused: Table/View 'CONFIG_INFO_BETA' does not exist.;caused: Table/View 'CONFIG_INFO_BETA' does not exist.;

2025-09-04 14:38:11,667 ERROR [db-error] DataAccessException : caused: StatementCallback; bad SQL grammar [SELECT COUNT(*) FROM config_info_beta ];caused: Table/View 'CONFIG_INFO_BETA' does not exist.;caused: Table/View 'CONFIG_INFO_BETA' does not exist.;

2025-09-04 14:38:12,028 ERROR [db-error] DataAccessException : caused: StatementCallback; bad SQL grammar [SELECT COUNT(*) FROM config_info_beta ];caused: Table/View 'CONFIG_INFO_BETA' does not exist.;caused: Table/View 'CONFIG_INFO_BETA' does not exist.;

2025-09-04 14:42:32,894 INFO use local db service for init

2025-09-04 14:42:34,264 WARN Lexical error at line 4, column 66.  Encountered: <EOF> after : "".

2025-09-04 14:42:34,268 WARN Syntax error: Encountered "*" at line 1, column 1.

2025-09-04 14:42:34,829 WARN Column 'SRC_IP' already exists in Table/View '"NACOS"."HIS_CONFIG_INFO"'.

2025-09-04 14:42:34,833 WARN Column 'SRC_IP' already exists in Table/View '"NACOS"."CONFIG_INFO"'.

2025-09-04 14:42:34,837 WARN Column 'PUBLISH_TYPE' already exists in Table/View '"NACOS"."HIS_CONFIG_INFO"'.

2025-09-04 14:42:34,840 WARN Column 'EXT_INFO' already exists in Table/View '"NACOS"."HIS_CONFIG_INFO"'.

2025-09-04 14:42:34,843 WARN Column 'GRAY_NAME' already exists in Table/View '"NACOS"."HIS_CONFIG_INFO"'.

2025-09-04 14:42:34,844 INFO use StandaloneDatabaseOperateImpl

2025-09-04 14:42:35,566 ERROR [db-error] DataAccessException : caused: StatementCallback; bad SQL grammar [SELECT COUNT(*) FROM config_info_beta ];caused: Table/View 'CONFIG_INFO_BETA' does not exist.;caused: Table/View 'CONFIG_INFO_BETA' does not exist.;

2025-09-04 14:42:42,415 ERROR [db-error] DataAccessException : caused: StatementCallback; bad SQL grammar [SELECT COUNT(*) FROM config_info_beta ];caused: Table/View 'CONFIG_INFO_BETA' does not exist.;caused: Table/View 'CONFIG_INFO_BETA' does not exist.;

2025-09-04 14:42:43,901 ERROR [db-error] DataAccessException : caused: StatementCallback; bad SQL grammar [SELECT COUNT(*) FROM config_info_beta ];caused: Table/View 'CONFIG_INFO_BETA' does not exist.;caused: Table/View 'CONFIG_INFO_BETA' does not exist.;

2025-09-04 14:46:19,288 INFO use local db service for init

2025-09-04 14:46:20,708 WARN Lexical error at line 4, column 66.  Encountered: <EOF> after : "".

2025-09-04 14:46:20,713 WARN Syntax error: Encountered "*" at line 1, column 1.

2025-09-04 14:46:21,236 WARN Column 'SRC_IP' already exists in Table/View '"NACOS"."HIS_CONFIG_INFO"'.

2025-09-04 14:46:21,240 WARN Column 'SRC_IP' already exists in Table/View '"NACOS"."CONFIG_INFO"'.

2025-09-04 14:46:21,245 WARN Column 'PUBLISH_TYPE' already exists in Table/View '"NACOS"."HIS_CONFIG_INFO"'.

2025-09-04 14:46:21,250 WARN Column 'EXT_INFO' already exists in Table/View '"NACOS"."HIS_CONFIG_INFO"'.

2025-09-04 14:46:21,255 WARN Column 'GRAY_NAME' already exists in Table/View '"NACOS"."HIS_CONFIG_INFO"'.

2025-09-04 14:46:21,256 INFO use StandaloneDatabaseOperateImpl

2025-09-04 14:46:21,986 ERROR [db-error] DataAccessException : caused: StatementCallback; bad SQL grammar [SELECT COUNT(*) FROM config_info_beta ];caused: Table/View 'CONFIG_INFO_BETA' does not exist.;caused: Table/View 'CONFIG_INFO_BETA' does not exist.;

2025-09-04 14:46:27,590 ERROR [db-error] DataAccessException : caused: StatementCallback; bad SQL grammar [SELECT COUNT(*) FROM config_info_beta ];caused: Table/View 'CONFIG_INFO_BETA' does not exist.;caused: Table/View 'CONFIG_INFO_BETA' does not exist.;

2025-09-04 14:46:29,025 ERROR [db-error] DataAccessException : caused: StatementCallback; bad SQL grammar [SELECT COUNT(*) FROM config_info_beta ];caused: Table/View 'CONFIG_INFO_BETA' does not exist.;caused: Table/View 'CONFIG_INFO_BETA' does not exist.;

2025-09-04 14:50:12,027 INFO use local db service for init

2025-09-04 14:50:13,476 WARN Lexical error at line 4, column 66.  Encountered: <EOF> after : "".

2025-09-04 14:50:13,482 WARN Syntax error: Encountered "*" at line 1, column 1.

2025-09-04 14:50:14,036 WARN Column 'SRC_IP' already exists in Table/View '"NACOS"."HIS_CONFIG_INFO"'.

2025-09-04 14:50:14,039 WARN Column 'SRC_IP' already exists in Table/View '"NACOS"."CONFIG_INFO"'.

2025-09-04 14:50:14,042 WARN Column 'PUBLISH_TYPE' already exists in Table/View '"NACOS"."HIS_CONFIG_INFO"'.

2025-09-04 14:50:14,047 WARN Column 'EXT_INFO' already exists in Table/View '"NACOS"."HIS_CONFIG_INFO"'.

2025-09-04 14:50:14,051 WARN Column 'GRAY_NAME' already exists in Table/View '"NACOS"."HIS_CONFIG_INFO"'.

2025-09-04 14:50:14,054 INFO use StandaloneDatabaseOperateImpl

2025-09-04 14:50:13,589 ERROR [db-error] DataAccessException : caused: StatementCallback; bad SQL grammar [SELECT COUNT(*) FROM config_info_beta ];caused: Table/View 'CONFIG_INFO_BETA' does not exist.;caused: Table/View 'CONFIG_INFO_BETA' does not exist.;

2025-09-04 14:50:20,254 ERROR [db-error] DataAccessException : caused: StatementCallback; bad SQL grammar [SELECT COUNT(*) FROM config_info_beta ];caused: Table/View 'CONFIG_INFO_BETA' does not exist.;caused: Table/View 'CONFIG_INFO_BETA' does not exist.;

2025-09-04 14:50:21,625 ERROR [db-error] DataAccessException : caused: StatementCallback; bad SQL grammar [SELECT COUNT(*) FROM config_info_beta ];caused: Table/View 'CONFIG_INFO_BETA' does not exist.;caused: Table/View 'CONFIG_INFO_BETA' does not exist.;

2025-09-04 14:53:36,027 INFO use local db service for init

2025-09-04 14:53:36,822 WARN Lexical error at line 4, column 66.  Encountered: <EOF> after : "".

2025-09-04 14:53:36,828 WARN Syntax error: Encountered "*" at line 1, column 1.

2025-09-04 14:53:37,647 WARN Column 'SRC_IP' already exists in Table/View '"NACOS"."HIS_CONFIG_INFO"'.

2025-09-04 14:53:37,655 WARN Column 'SRC_IP' already exists in Table/View '"NACOS"."CONFIG_INFO"'.

2025-09-04 14:53:37,659 WARN Column 'PUBLISH_TYPE' already exists in Table/View '"NACOS"."HIS_CONFIG_INFO"'.

2025-09-04 14:53:37,663 WARN Column 'EXT_INFO' already exists in Table/View '"NACOS"."HIS_CONFIG_INFO"'.

2025-09-04 14:53:37,667 WARN Column 'GRAY_NAME' already exists in Table/View '"NACOS"."HIS_CONFIG_INFO"'.

2025-09-04 14:53:37,668 INFO use StandaloneDatabaseOperateImpl

2025-09-04 14:53:58,560 INFO use local db service for init

2025-09-04 14:54:00,739 WARN Lexical error at line 4, column 66.  Encountered: <EOF> after : "".

2025-09-04 14:54:00,747 WARN Syntax error: Encountered "*" at line 1, column 1.

2025-09-04 14:54:01,564 WARN Column 'SRC_IP' already exists in Table/View '"NACOS"."HIS_CONFIG_INFO"'.

2025-09-04 14:54:01,568 WARN Column 'SRC_IP' already exists in Table/View '"NACOS"."CONFIG_INFO"'.

2025-09-04 14:54:01,573 WARN Column 'PUBLISH_TYPE' already exists in Table/View '"NACOS"."HIS_CONFIG_INFO"'.

2025-09-04 14:54:01,578 WARN Column 'EXT_INFO' already exists in Table/View '"NACOS"."HIS_CONFIG_INFO"'.

2025-09-04 14:54:01,583 WARN Column 'GRAY_NAME' already exists in Table/View '"NACOS"."HIS_CONFIG_INFO"'.

2025-09-04 14:54:01,583 INFO use StandaloneDatabaseOperateImpl

2025-09-04 14:54:02,568 ERROR [db-error] DataAccessException : caused: StatementCallback; bad SQL grammar [SELECT COUNT(*) FROM config_info_beta ];caused: Table/View 'CONFIG_INFO_BETA' does not exist.;caused: Table/View 'CONFIG_INFO_BETA' does not exist.;

2025-09-04 14:54:11,782 ERROR [db-error] DataAccessException : caused: StatementCallback; bad SQL grammar [SELECT COUNT(*) FROM config_info_beta ];caused: Table/View 'CONFIG_INFO_BETA' does not exist.;caused: Table/View 'CONFIG_INFO_BETA' does not exist.;

2025-09-04 14:54:13,874 ERROR [db-error] DataAccessException : caused: StatementCallback; bad SQL grammar [SELECT COUNT(*) FROM config_info_beta ];caused: Table/View 'CONFIG_INFO_BETA' does not exist.;caused: Table/View 'CONFIG_INFO_BETA' does not exist.;

2025-09-04 15:04:20,906 INFO use local db service for init

2025-09-04 15:04:22,964 WARN Lexical error at line 4, column 66.  Encountered: <EOF> after : "".

2025-09-04 15:04:22,971 WARN Syntax error: Encountered "*" at line 1, column 1.

2025-09-04 15:04:23,776 WARN Column 'SRC_IP' already exists in Table/View '"NACOS"."HIS_CONFIG_INFO"'.

2025-09-04 15:04:23,782 WARN Column 'SRC_IP' already exists in Table/View '"NACOS"."CONFIG_INFO"'.

2025-09-04 15:04:23,790 WARN Column 'PUBLISH_TYPE' already exists in Table/View '"NACOS"."HIS_CONFIG_INFO"'.

2025-09-04 15:04:23,795 WARN Column 'EXT_INFO' already exists in Table/View '"NACOS"."HIS_CONFIG_INFO"'.

2025-09-04 15:04:23,803 WARN Column 'GRAY_NAME' already exists in Table/View '"NACOS"."HIS_CONFIG_INFO"'.

2025-09-04 15:04:23,805 INFO use StandaloneDatabaseOperateImpl

2025-09-04 15:04:24,747 ERROR [db-error] DataAccessException : caused: StatementCallback; bad SQL grammar [SELECT COUNT(*) FROM config_info_beta ];caused: Table/View 'CONFIG_INFO_BETA' does not exist.;caused: Table/View 'CONFIG_INFO_BETA' does not exist.;

2025-09-04 15:04:34,485 ERROR [db-error] DataAccessException : caused: StatementCallback; bad SQL grammar [SELECT COUNT(*) FROM config_info_beta ];caused: Table/View 'CONFIG_INFO_BETA' does not exist.;caused: Table/View 'CONFIG_INFO_BETA' does not exist.;

2025-09-04 15:04:36,562 ERROR [db-error] DataAccessException : caused: StatementCallback; bad SQL grammar [SELECT COUNT(*) FROM config_info_beta ];caused: Table/View 'CONFIG_INFO_BETA' does not exist.;caused: Table/View 'CONFIG_INFO_BETA' does not exist.;

2025-09-04 15:09:47,972 INFO use local db service for init

2025-09-04 15:09:49,928 WARN Lexical error at line 4, column 66.  Encountered: <EOF> after : "".

2025-09-04 15:09:49,933 WARN Syntax error: Encountered "*" at line 1, column 1.

2025-09-04 15:09:50,786 WARN Column 'SRC_IP' already exists in Table/View '"NACOS"."HIS_CONFIG_INFO"'.

2025-09-04 15:09:50,791 WARN Column 'SRC_IP' already exists in Table/View '"NACOS"."CONFIG_INFO"'.

2025-09-04 15:09:50,795 WARN Column 'PUBLISH_TYPE' already exists in Table/View '"NACOS"."HIS_CONFIG_INFO"'.

2025-09-04 15:09:50,798 WARN Column 'EXT_INFO' already exists in Table/View '"NACOS"."HIS_CONFIG_INFO"'.

2025-09-04 15:09:50,802 WARN Column 'GRAY_NAME' already exists in Table/View '"NACOS"."HIS_CONFIG_INFO"'.

2025-09-04 15:09:50,802 INFO use StandaloneDatabaseOperateImpl

2025-09-04 15:09:51,780 ERROR [db-error] DataAccessException : caused: StatementCallback; bad SQL grammar [SELECT COUNT(*) FROM config_info_beta ];caused: Table/View 'CONFIG_INFO_BETA' does not exist.;caused: Table/View 'CONFIG_INFO_BETA' does not exist.;

2025-09-04 15:10:00,582 ERROR [db-error] DataAccessException : caused: StatementCallback; bad SQL grammar [SELECT COUNT(*) FROM config_info_beta ];caused: Table/View 'CONFIG_INFO_BETA' does not exist.;caused: Table/View 'CONFIG_INFO_BETA' does not exist.;

2025-09-04 15:10:02,623 ERROR [db-error] DataAccessException : caused: StatementCallback; bad SQL grammar [SELECT COUNT(*) FROM config_info_beta ];caused: Table/View 'CONFIG_INFO_BETA' does not exist.;caused: Table/View 'CONFIG_INFO_BETA' does not exist.;

2025-09-04 15:17:53,031 INFO use local db service for init

2025-09-04 15:17:55,128 WARN Lexical error at line 4, column 66.  Encountered: <EOF> after : "".

2025-09-04 15:17:55,136 WARN Syntax error: Encountered "*" at line 1, column 1.

2025-09-04 15:17:55,924 WARN Column 'SRC_IP' already exists in Table/View '"NACOS"."HIS_CONFIG_INFO"'.

2025-09-04 15:17:55,930 WARN Column 'SRC_IP' already exists in Table/View '"NACOS"."CONFIG_INFO"'.

2025-09-04 15:17:55,935 WARN Column 'PUBLISH_TYPE' already exists in Table/View '"NACOS"."HIS_CONFIG_INFO"'.

2025-09-04 15:17:55,940 WARN Column 'EXT_INFO' already exists in Table/View '"NACOS"."HIS_CONFIG_INFO"'.

2025-09-04 15:17:55,943 WARN Column 'GRAY_NAME' already exists in Table/View '"NACOS"."HIS_CONFIG_INFO"'.

2025-09-04 15:17:55,944 INFO use StandaloneDatabaseOperateImpl

2025-09-04 15:17:57,056 ERROR [db-error] DataAccessException : caused: StatementCallback; bad SQL grammar [SELECT COUNT(*) FROM config_info_beta ];caused: Table/View 'CONFIG_INFO_BETA' does not exist.;caused: Table/View 'CONFIG_INFO_BETA' does not exist.;

2025-09-04 15:18:07,129 ERROR [db-error] DataAccessException : caused: StatementCallback; bad SQL grammar [SELECT COUNT(*) FROM config_info_beta ];caused: Table/View 'CONFIG_INFO_BETA' does not exist.;caused: Table/View 'CONFIG_INFO_BETA' does not exist.;

2025-09-04 15:18:09,354 ERROR [db-error] DataAccessException : caused: StatementCallback; bad SQL grammar [SELECT COUNT(*) FROM config_info_beta ];caused: Table/View 'CONFIG_INFO_BETA' does not exist.;caused: Table/View 'CONFIG_INFO_BETA' does not exist.;

