2025-09-04 11:23:54,119 INFO [ClientConnectionEventListenerRegistry] registry listener - ConfigConnectionEventListener

2025-09-04 11:23:54,590 INFO Nacos GrpcSdkServer Rpc server starting at port 9848

2025-09-04 11:23:55,037 INFO Load ProtocolNegotiatorBuilder com.alibaba.nacos.core.remote.grpc.negotiator.tls.SdkDefaultTlsProtocolNegotiatorBuilder for type DEFAULT_TLS

2025-09-04 11:23:55,038 INFO Load ProtocolNegotiatorBuilder com.alibaba.nacos.core.remote.grpc.negotiator.tls.ClusterDefaultTlsProtocolNegotiatorBuilder for type CLUSTER_DEFAULT_TLS

2025-09-04 11:23:55,039 WARN Not found ProtocolNegotiatorBuilder for type nacos.remote.server.rpc.protocol.negotiator.type, will use default type nacos.remote.server.rpc.protocol.negotiator.type

2025-09-04 11:23:55,081 WARN Recommended use 'nacos.remote.server.grpc.sdk.max-inbound-message-size' property instead 'nacos.remote.server.grpc.maxinbound.message.size', now property value is 10485760

2025-09-04 11:23:55,291 INFO Ssl Context auto refresh is not supported.

2025-09-04 11:23:55,292 INFO Ssl Context auto refresh is not supported.

2025-09-04 11:23:55,293 INFO RpcServerSslContextRefresher initialization completed.

2025-09-04 11:23:55,299 INFO Nacos GrpcSdkServer Rpc server started at port 9848

2025-09-04 11:23:55,312 INFO Nacos GrpcClusterServer Rpc server starting at port 9849

2025-09-04 11:23:55,318 WARN Not found ProtocolNegotiatorBuilder for type nacos.remote.cluster.server.rpc.protocol.negotiator.type, will use default type nacos.remote.cluster.server.rpc.protocol.negotiator.type

2025-09-04 11:23:55,320 WARN Recommended use 'nacos.remote.server.grpc.cluster.max-inbound-message-size' property instead 'nacos.remote.server.grpc.maxinbound.message.size', now property value is 10485760

2025-09-04 11:23:55,328 INFO Nacos GrpcClusterServer Rpc server started at port 9849

2025-09-04 11:23:55,341 INFO [ClientConnectionEventListenerRegistry] registry listener - RpcAckCallbackInitorOrCleaner

2025-09-04 11:23:55,442 INFO [ClientConnectionEventListenerRegistry] registry listener - ConnectionBasedClientManager

2025-09-04 11:23:57,932 INFO [ClientConnectionEventListenerRegistry] registry listener - AiConnectionBasedClientManager

2025-09-04 11:24:11,166 INFO nacos has been loaded, class: com.alibaba.nacos.core.remote.grpc.ConnectionGeneratorServiceImpl

2025-09-04 11:27:02,309 INFO Nacos GrpcClusterServer Rpc server stopping

2025-09-04 11:27:02,311 INFO Nacos GrpcSdkServer Rpc server stopping

2025-09-04 11:27:02,330 INFO Nacos GrpcClusterServer Rpc server stopped successfully...

2025-09-04 11:27:02,330 INFO Nacos GrpcSdkServer Rpc server stopped successfully...

2025-09-04 11:27:31,303 INFO [ClientConnectionEventListenerRegistry] registry listener - ConfigConnectionEventListener

2025-09-04 11:27:31,749 INFO Nacos GrpcSdkServer Rpc server starting at port 9848

2025-09-04 11:27:32,180 INFO Load ProtocolNegotiatorBuilder com.alibaba.nacos.core.remote.grpc.negotiator.tls.SdkDefaultTlsProtocolNegotiatorBuilder for type DEFAULT_TLS

2025-09-04 11:27:32,181 INFO Load ProtocolNegotiatorBuilder com.alibaba.nacos.core.remote.grpc.negotiator.tls.ClusterDefaultTlsProtocolNegotiatorBuilder for type CLUSTER_DEFAULT_TLS

2025-09-04 11:27:32,182 WARN Not found ProtocolNegotiatorBuilder for type nacos.remote.server.rpc.protocol.negotiator.type, will use default type nacos.remote.server.rpc.protocol.negotiator.type

2025-09-04 11:27:32,188 WARN Recommended use 'nacos.remote.server.grpc.sdk.max-inbound-message-size' property instead 'nacos.remote.server.grpc.maxinbound.message.size', now property value is 10485760

2025-09-04 11:27:32,404 INFO Ssl Context auto refresh is not supported.

2025-09-04 11:27:32,405 INFO Ssl Context auto refresh is not supported.

2025-09-04 11:27:32,405 INFO RpcServerSslContextRefresher initialization completed.

2025-09-04 11:27:32,406 INFO Nacos GrpcSdkServer Rpc server started at port 9848

2025-09-04 11:27:32,415 INFO Nacos GrpcClusterServer Rpc server starting at port 9849

2025-09-04 11:27:32,421 WARN Not found ProtocolNegotiatorBuilder for type nacos.remote.cluster.server.rpc.protocol.negotiator.type, will use default type nacos.remote.cluster.server.rpc.protocol.negotiator.type

2025-09-04 11:27:32,425 WARN Recommended use 'nacos.remote.server.grpc.cluster.max-inbound-message-size' property instead 'nacos.remote.server.grpc.maxinbound.message.size', now property value is 10485760

2025-09-04 11:27:32,433 INFO Nacos GrpcClusterServer Rpc server started at port 9849

2025-09-04 11:27:32,446 INFO [ClientConnectionEventListenerRegistry] registry listener - RpcAckCallbackInitorOrCleaner

2025-09-04 11:27:32,529 INFO [ClientConnectionEventListenerRegistry] registry listener - ConnectionBasedClientManager

2025-09-04 11:27:35,019 INFO [ClientConnectionEventListenerRegistry] registry listener - AiConnectionBasedClientManager

2025-09-04 11:27:50,273 INFO nacos has been loaded, class: com.alibaba.nacos.core.remote.grpc.ConnectionGeneratorServiceImpl

2025-09-04 11:34:07,801 INFO Nacos GrpcSdkServer Rpc server stopping

2025-09-04 11:34:07,802 INFO Nacos GrpcClusterServer Rpc server stopping

2025-09-04 11:34:07,815 INFO Nacos GrpcSdkServer Rpc server stopped successfully...

2025-09-04 11:34:07,816 INFO Nacos GrpcClusterServer Rpc server stopped successfully...

2025-09-04 11:34:35,069 INFO [ClientConnectionEventListenerRegistry] registry listener - ConfigConnectionEventListener

2025-09-04 11:34:35,566 INFO Nacos GrpcSdkServer Rpc server starting at port 9848

2025-09-04 11:34:35,894 INFO Load ProtocolNegotiatorBuilder com.alibaba.nacos.core.remote.grpc.negotiator.tls.SdkDefaultTlsProtocolNegotiatorBuilder for type DEFAULT_TLS

2025-09-04 11:34:35,894 INFO Load ProtocolNegotiatorBuilder com.alibaba.nacos.core.remote.grpc.negotiator.tls.ClusterDefaultTlsProtocolNegotiatorBuilder for type CLUSTER_DEFAULT_TLS

2025-09-04 11:34:35,896 WARN Not found ProtocolNegotiatorBuilder for type nacos.remote.server.rpc.protocol.negotiator.type, will use default type nacos.remote.server.rpc.protocol.negotiator.type

2025-09-04 11:34:35,901 WARN Recommended use 'nacos.remote.server.grpc.sdk.max-inbound-message-size' property instead 'nacos.remote.server.grpc.maxinbound.message.size', now property value is 10485760

2025-09-04 11:34:36,085 INFO Ssl Context auto refresh is not supported.

2025-09-04 11:34:36,086 INFO Ssl Context auto refresh is not supported.

2025-09-04 11:34:36,086 INFO RpcServerSslContextRefresher initialization completed.

2025-09-04 11:34:36,087 INFO Nacos GrpcSdkServer Rpc server started at port 9848

2025-09-04 11:34:36,099 INFO Nacos GrpcClusterServer Rpc server starting at port 9849

2025-09-04 11:34:36,102 WARN Not found ProtocolNegotiatorBuilder for type nacos.remote.cluster.server.rpc.protocol.negotiator.type, will use default type nacos.remote.cluster.server.rpc.protocol.negotiator.type

2025-09-04 11:34:36,105 WARN Recommended use 'nacos.remote.server.grpc.cluster.max-inbound-message-size' property instead 'nacos.remote.server.grpc.maxinbound.message.size', now property value is 10485760

2025-09-04 11:34:36,114 INFO Nacos GrpcClusterServer Rpc server started at port 9849

2025-09-04 11:34:36,128 INFO [ClientConnectionEventListenerRegistry] registry listener - RpcAckCallbackInitorOrCleaner

2025-09-04 11:34:36,220 INFO [ClientConnectionEventListenerRegistry] registry listener - ConnectionBasedClientManager

2025-09-04 11:34:38,284 INFO [ClientConnectionEventListenerRegistry] registry listener - AiConnectionBasedClientManager

2025-09-04 11:34:52,561 INFO nacos has been loaded, class: com.alibaba.nacos.core.remote.grpc.ConnectionGeneratorServiceImpl

2025-09-04 11:40:49,653 INFO Nacos GrpcSdkServer Rpc server stopping

2025-09-04 11:40:49,655 INFO Nacos GrpcClusterServer Rpc server stopping

2025-09-04 11:40:49,667 INFO Nacos GrpcSdkServer Rpc server stopped successfully...

2025-09-04 11:40:49,667 INFO Nacos GrpcClusterServer Rpc server stopped successfully...

2025-09-04 11:44:20,672 INFO [ClientConnectionEventListenerRegistry] registry listener - ConfigConnectionEventListener

2025-09-04 11:44:21,144 INFO Nacos GrpcSdkServer Rpc server starting at port 9848

2025-09-04 11:44:21,527 INFO Load ProtocolNegotiatorBuilder com.alibaba.nacos.core.remote.grpc.negotiator.tls.SdkDefaultTlsProtocolNegotiatorBuilder for type DEFAULT_TLS

2025-09-04 11:44:21,528 INFO Load ProtocolNegotiatorBuilder com.alibaba.nacos.core.remote.grpc.negotiator.tls.ClusterDefaultTlsProtocolNegotiatorBuilder for type CLUSTER_DEFAULT_TLS

2025-09-04 11:44:21,529 WARN Not found ProtocolNegotiatorBuilder for type nacos.remote.server.rpc.protocol.negotiator.type, will use default type nacos.remote.server.rpc.protocol.negotiator.type

2025-09-04 11:44:21,535 WARN Recommended use 'nacos.remote.server.grpc.sdk.max-inbound-message-size' property instead 'nacos.remote.server.grpc.maxinbound.message.size', now property value is 10485760

2025-09-04 11:44:21,765 INFO Ssl Context auto refresh is not supported.

2025-09-04 11:44:21,766 INFO Ssl Context auto refresh is not supported.

2025-09-04 11:44:21,766 INFO RpcServerSslContextRefresher initialization completed.

2025-09-04 11:44:21,767 INFO Nacos GrpcSdkServer Rpc server started at port 9848

2025-09-04 11:44:21,776 INFO Nacos GrpcClusterServer Rpc server starting at port 9849

2025-09-04 11:44:21,779 WARN Not found ProtocolNegotiatorBuilder for type nacos.remote.cluster.server.rpc.protocol.negotiator.type, will use default type nacos.remote.cluster.server.rpc.protocol.negotiator.type

2025-09-04 11:44:21,781 WARN Recommended use 'nacos.remote.server.grpc.cluster.max-inbound-message-size' property instead 'nacos.remote.server.grpc.maxinbound.message.size', now property value is 10485760

2025-09-04 11:44:21,785 INFO Nacos GrpcClusterServer Rpc server started at port 9849

2025-09-04 11:44:21,798 INFO [ClientConnectionEventListenerRegistry] registry listener - RpcAckCallbackInitorOrCleaner

2025-09-04 11:44:21,896 INFO [ClientConnectionEventListenerRegistry] registry listener - ConnectionBasedClientManager

2025-09-04 11:44:24,423 INFO [ClientConnectionEventListenerRegistry] registry listener - AiConnectionBasedClientManager

2025-09-04 11:44:39,793 INFO nacos has been loaded, class: com.alibaba.nacos.core.remote.grpc.ConnectionGeneratorServiceImpl

2025-09-04 11:51:47,999 INFO Nacos GrpcClusterServer Rpc server stopping

2025-09-04 11:51:48,001 INFO Nacos GrpcSdkServer Rpc server stopping

2025-09-04 11:51:48,015 INFO Nacos GrpcClusterServer Rpc server stopped successfully...

2025-09-04 11:51:48,015 INFO Nacos GrpcSdkServer Rpc server stopped successfully...

2025-09-04 11:52:11,874 INFO [ClientConnectionEventListenerRegistry] registry listener - ConfigConnectionEventListener

2025-09-04 11:52:12,356 INFO Nacos GrpcSdkServer Rpc server starting at port 9848

2025-09-04 11:52:12,764 INFO Load ProtocolNegotiatorBuilder com.alibaba.nacos.core.remote.grpc.negotiator.tls.SdkDefaultTlsProtocolNegotiatorBuilder for type DEFAULT_TLS

2025-09-04 11:52:12,764 INFO Load ProtocolNegotiatorBuilder com.alibaba.nacos.core.remote.grpc.negotiator.tls.ClusterDefaultTlsProtocolNegotiatorBuilder for type CLUSTER_DEFAULT_TLS

2025-09-04 11:52:12,766 WARN Not found ProtocolNegotiatorBuilder for type nacos.remote.server.rpc.protocol.negotiator.type, will use default type nacos.remote.server.rpc.protocol.negotiator.type

2025-09-04 11:52:12,771 WARN Recommended use 'nacos.remote.server.grpc.sdk.max-inbound-message-size' property instead 'nacos.remote.server.grpc.maxinbound.message.size', now property value is 10485760

2025-09-04 11:52:13,009 INFO Ssl Context auto refresh is not supported.

2025-09-04 11:52:13,010 INFO Ssl Context auto refresh is not supported.

2025-09-04 11:52:13,010 INFO RpcServerSslContextRefresher initialization completed.

2025-09-04 11:52:13,011 INFO Nacos GrpcSdkServer Rpc server started at port 9848

2025-09-04 11:52:13,020 INFO Nacos GrpcClusterServer Rpc server starting at port 9849

2025-09-04 11:52:13,026 WARN Not found ProtocolNegotiatorBuilder for type nacos.remote.cluster.server.rpc.protocol.negotiator.type, will use default type nacos.remote.cluster.server.rpc.protocol.negotiator.type

2025-09-04 11:52:13,028 WARN Recommended use 'nacos.remote.server.grpc.cluster.max-inbound-message-size' property instead 'nacos.remote.server.grpc.maxinbound.message.size', now property value is 10485760

2025-09-04 11:52:13,051 INFO Nacos GrpcClusterServer Rpc server started at port 9849

2025-09-04 11:52:13,072 INFO [ClientConnectionEventListenerRegistry] registry listener - RpcAckCallbackInitorOrCleaner

2025-09-04 11:52:13,174 INFO [ClientConnectionEventListenerRegistry] registry listener - ConnectionBasedClientManager

2025-09-04 11:52:15,652 INFO [ClientConnectionEventListenerRegistry] registry listener - AiConnectionBasedClientManager

2025-09-04 11:52:28,805 INFO nacos has been loaded, class: com.alibaba.nacos.core.remote.grpc.ConnectionGeneratorServiceImpl

2025-09-04 11:57:08,853 INFO Nacos GrpcClusterServer Rpc server stopping

2025-09-04 11:57:08,856 INFO Nacos GrpcSdkServer Rpc server stopping

2025-09-04 11:57:08,959 INFO Nacos GrpcClusterServer Rpc server stopped successfully...

2025-09-04 11:57:08,959 INFO Nacos GrpcSdkServer Rpc server stopped successfully...

2025-09-04 11:57:36,644 INFO [ClientConnectionEventListenerRegistry] registry listener - ConfigConnectionEventListener

2025-09-04 11:57:37,100 INFO Nacos GrpcSdkServer Rpc server starting at port 9848

2025-09-04 11:57:37,553 INFO Load ProtocolNegotiatorBuilder com.alibaba.nacos.core.remote.grpc.negotiator.tls.SdkDefaultTlsProtocolNegotiatorBuilder for type DEFAULT_TLS

2025-09-04 11:57:37,588 INFO Load ProtocolNegotiatorBuilder com.alibaba.nacos.core.remote.grpc.negotiator.tls.ClusterDefaultTlsProtocolNegotiatorBuilder for type CLUSTER_DEFAULT_TLS

2025-09-04 11:57:37,590 WARN Not found ProtocolNegotiatorBuilder for type nacos.remote.server.rpc.protocol.negotiator.type, will use default type nacos.remote.server.rpc.protocol.negotiator.type

2025-09-04 11:57:37,598 WARN Recommended use 'nacos.remote.server.grpc.sdk.max-inbound-message-size' property instead 'nacos.remote.server.grpc.maxinbound.message.size', now property value is 10485760

2025-09-04 11:57:37,870 INFO Ssl Context auto refresh is not supported.

2025-09-04 11:57:37,877 INFO Ssl Context auto refresh is not supported.

2025-09-04 11:57:37,878 INFO RpcServerSslContextRefresher initialization completed.

2025-09-04 11:57:37,878 INFO Nacos GrpcSdkServer Rpc server started at port 9848

2025-09-04 11:57:37,887 INFO Nacos GrpcClusterServer Rpc server starting at port 9849

2025-09-04 11:57:37,891 WARN Not found ProtocolNegotiatorBuilder for type nacos.remote.cluster.server.rpc.protocol.negotiator.type, will use default type nacos.remote.cluster.server.rpc.protocol.negotiator.type

2025-09-04 11:57:37,894 WARN Recommended use 'nacos.remote.server.grpc.cluster.max-inbound-message-size' property instead 'nacos.remote.server.grpc.maxinbound.message.size', now property value is 10485760

2025-09-04 11:57:37,900 INFO Nacos GrpcClusterServer Rpc server started at port 9849

2025-09-04 11:57:37,914 INFO [ClientConnectionEventListenerRegistry] registry listener - RpcAckCallbackInitorOrCleaner

2025-09-04 11:57:37,500 INFO [ClientConnectionEventListenerRegistry] registry listener - ConnectionBasedClientManager

2025-09-04 11:57:39,418 INFO [ClientConnectionEventListenerRegistry] registry listener - AiConnectionBasedClientManager

2025-09-04 11:57:53,995 INFO nacos has been loaded, class: com.alibaba.nacos.core.remote.grpc.ConnectionGeneratorServiceImpl

2025-09-04 12:04:28,299 INFO Nacos GrpcSdkServer Rpc server stopping

2025-09-04 12:04:28,299 INFO Nacos GrpcClusterServer Rpc server stopping

2025-09-04 12:04:28,324 INFO Nacos GrpcClusterServer Rpc server stopped successfully...

2025-09-04 12:04:28,324 INFO Nacos GrpcSdkServer Rpc server stopped successfully...

2025-09-04 12:47:50,014 INFO [ClientConnectionEventListenerRegistry] registry listener - ConfigConnectionEventListener

2025-09-04 12:47:50,369 INFO Nacos GrpcSdkServer Rpc server starting at port 9848

2025-09-04 12:47:50,733 INFO Load ProtocolNegotiatorBuilder com.alibaba.nacos.core.remote.grpc.negotiator.tls.SdkDefaultTlsProtocolNegotiatorBuilder for type DEFAULT_TLS

2025-09-04 12:47:50,734 INFO Load ProtocolNegotiatorBuilder com.alibaba.nacos.core.remote.grpc.negotiator.tls.ClusterDefaultTlsProtocolNegotiatorBuilder for type CLUSTER_DEFAULT_TLS

2025-09-04 12:47:50,734 WARN Not found ProtocolNegotiatorBuilder for type nacos.remote.server.rpc.protocol.negotiator.type, will use default type nacos.remote.server.rpc.protocol.negotiator.type

2025-09-04 12:47:50,738 WARN Recommended use 'nacos.remote.server.grpc.sdk.max-inbound-message-size' property instead 'nacos.remote.server.grpc.maxinbound.message.size', now property value is 10485760

2025-09-04 12:47:50,909 INFO Ssl Context auto refresh is not supported.

2025-09-04 12:47:50,910 INFO Ssl Context auto refresh is not supported.

2025-09-04 12:47:50,910 INFO RpcServerSslContextRefresher initialization completed.

2025-09-04 12:47:50,911 INFO Nacos GrpcSdkServer Rpc server started at port 9848

2025-09-04 12:47:50,918 INFO Nacos GrpcClusterServer Rpc server starting at port 9849

2025-09-04 12:47:50,920 WARN Not found ProtocolNegotiatorBuilder for type nacos.remote.cluster.server.rpc.protocol.negotiator.type, will use default type nacos.remote.cluster.server.rpc.protocol.negotiator.type

2025-09-04 12:47:50,923 WARN Recommended use 'nacos.remote.server.grpc.cluster.max-inbound-message-size' property instead 'nacos.remote.server.grpc.maxinbound.message.size', now property value is 10485760

2025-09-04 12:47:50,930 INFO Nacos GrpcClusterServer Rpc server started at port 9849

2025-09-04 12:47:50,943 INFO [ClientConnectionEventListenerRegistry] registry listener - RpcAckCallbackInitorOrCleaner

2025-09-04 12:47:51,031 INFO [ClientConnectionEventListenerRegistry] registry listener - ConnectionBasedClientManager

2025-09-04 12:47:52,792 INFO [ClientConnectionEventListenerRegistry] registry listener - AiConnectionBasedClientManager

2025-09-04 12:48:04,115 INFO nacos has been loaded, class: com.alibaba.nacos.core.remote.grpc.ConnectionGeneratorServiceImpl

2025-09-04 12:49:10,137 INFO Nacos GrpcClusterServer Rpc server stopping

2025-09-04 12:49:10,139 INFO Nacos GrpcSdkServer Rpc server stopping

2025-09-04 12:49:10,150 INFO Nacos GrpcClusterServer Rpc server stopped successfully...

2025-09-04 12:49:10,150 INFO Nacos GrpcSdkServer Rpc server stopped successfully...

2025-09-04 12:49:38,951 INFO [ClientConnectionEventListenerRegistry] registry listener - ConfigConnectionEventListener

2025-09-04 12:49:39,263 INFO Nacos GrpcSdkServer Rpc server starting at port 9848

2025-09-04 12:49:39,465 INFO Load ProtocolNegotiatorBuilder com.alibaba.nacos.core.remote.grpc.negotiator.tls.SdkDefaultTlsProtocolNegotiatorBuilder for type DEFAULT_TLS

2025-09-04 12:49:39,466 INFO Load ProtocolNegotiatorBuilder com.alibaba.nacos.core.remote.grpc.negotiator.tls.ClusterDefaultTlsProtocolNegotiatorBuilder for type CLUSTER_DEFAULT_TLS

2025-09-04 12:49:39,467 WARN Not found ProtocolNegotiatorBuilder for type nacos.remote.server.rpc.protocol.negotiator.type, will use default type nacos.remote.server.rpc.protocol.negotiator.type

2025-09-04 12:49:39,473 WARN Recommended use 'nacos.remote.server.grpc.sdk.max-inbound-message-size' property instead 'nacos.remote.server.grpc.maxinbound.message.size', now property value is 10485760

2025-09-04 12:49:39,621 INFO Ssl Context auto refresh is not supported.

2025-09-04 12:49:39,621 INFO Ssl Context auto refresh is not supported.

2025-09-04 12:49:39,622 INFO RpcServerSslContextRefresher initialization completed.

2025-09-04 12:49:39,622 INFO Nacos GrpcSdkServer Rpc server started at port 9848

2025-09-04 12:49:39,630 INFO Nacos GrpcClusterServer Rpc server starting at port 9849

2025-09-04 12:49:39,633 WARN Not found ProtocolNegotiatorBuilder for type nacos.remote.cluster.server.rpc.protocol.negotiator.type, will use default type nacos.remote.cluster.server.rpc.protocol.negotiator.type

2025-09-04 12:49:39,639 WARN Recommended use 'nacos.remote.server.grpc.cluster.max-inbound-message-size' property instead 'nacos.remote.server.grpc.maxinbound.message.size', now property value is 10485760

2025-09-04 12:49:39,646 INFO Nacos GrpcClusterServer Rpc server started at port 9849

2025-09-04 12:49:39,660 INFO [ClientConnectionEventListenerRegistry] registry listener - RpcAckCallbackInitorOrCleaner

2025-09-04 12:49:39,726 INFO [ClientConnectionEventListenerRegistry] registry listener - ConnectionBasedClientManager

2025-09-04 12:49:41,281 INFO [ClientConnectionEventListenerRegistry] registry listener - AiConnectionBasedClientManager

2025-09-04 12:49:55,156 INFO nacos has been loaded, class: com.alibaba.nacos.core.remote.grpc.ConnectionGeneratorServiceImpl

2025-09-04 12:56:45,683 INFO Nacos GrpcClusterServer Rpc server stopping

2025-09-04 12:56:45,686 INFO Nacos GrpcSdkServer Rpc server stopping

2025-09-04 12:56:45,705 INFO Nacos GrpcSdkServer Rpc server stopped successfully...

2025-09-04 12:56:45,705 INFO Nacos GrpcClusterServer Rpc server stopped successfully...

2025-09-04 12:57:06,513 INFO [ClientConnectionEventListenerRegistry] registry listener - ConfigConnectionEventListener

2025-09-04 12:57:06,824 INFO Nacos GrpcSdkServer Rpc server starting at port 9848

2025-09-04 12:57:07,074 INFO Load ProtocolNegotiatorBuilder com.alibaba.nacos.core.remote.grpc.negotiator.tls.SdkDefaultTlsProtocolNegotiatorBuilder for type DEFAULT_TLS

2025-09-04 12:57:07,075 INFO Load ProtocolNegotiatorBuilder com.alibaba.nacos.core.remote.grpc.negotiator.tls.ClusterDefaultTlsProtocolNegotiatorBuilder for type CLUSTER_DEFAULT_TLS

2025-09-04 12:57:07,076 WARN Not found ProtocolNegotiatorBuilder for type nacos.remote.server.rpc.protocol.negotiator.type, will use default type nacos.remote.server.rpc.protocol.negotiator.type

2025-09-04 12:57:07,080 WARN Recommended use 'nacos.remote.server.grpc.sdk.max-inbound-message-size' property instead 'nacos.remote.server.grpc.maxinbound.message.size', now property value is 10485760

2025-09-04 12:57:07,231 INFO Ssl Context auto refresh is not supported.

2025-09-04 12:57:07,232 INFO Ssl Context auto refresh is not supported.

2025-09-04 12:57:07,233 INFO RpcServerSslContextRefresher initialization completed.

2025-09-04 12:57:07,234 INFO Nacos GrpcSdkServer Rpc server started at port 9848

2025-09-04 12:57:07,241 INFO Nacos GrpcClusterServer Rpc server starting at port 9849

2025-09-04 12:57:07,247 WARN Not found ProtocolNegotiatorBuilder for type nacos.remote.cluster.server.rpc.protocol.negotiator.type, will use default type nacos.remote.cluster.server.rpc.protocol.negotiator.type

2025-09-04 12:57:07,249 WARN Recommended use 'nacos.remote.server.grpc.cluster.max-inbound-message-size' property instead 'nacos.remote.server.grpc.maxinbound.message.size', now property value is 10485760

2025-09-04 12:57:07,256 INFO Nacos GrpcClusterServer Rpc server started at port 9849

2025-09-04 12:57:07,267 INFO [ClientConnectionEventListenerRegistry] registry listener - RpcAckCallbackInitorOrCleaner

2025-09-04 12:57:07,363 INFO [ClientConnectionEventListenerRegistry] registry listener - ConnectionBasedClientManager

2025-09-04 12:57:09,011 INFO [ClientConnectionEventListenerRegistry] registry listener - AiConnectionBasedClientManager

2025-09-04 12:57:22,917 INFO nacos has been loaded, class: com.alibaba.nacos.core.remote.grpc.ConnectionGeneratorServiceImpl

2025-09-04 13:00:20,347 INFO Nacos GrpcClusterServer Rpc server stopping

2025-09-04 13:00:20,349 INFO Nacos GrpcSdkServer Rpc server stopping

2025-09-04 13:00:20,357 INFO Nacos GrpcClusterServer Rpc server stopped successfully...

2025-09-04 13:00:20,357 INFO Nacos GrpcSdkServer Rpc server stopped successfully...

2025-09-04 13:19:29,094 INFO [ClientConnectionEventListenerRegistry] registry listener - ConfigConnectionEventListener

2025-09-04 13:19:29,529 INFO Nacos GrpcSdkServer Rpc server starting at port 9848

2025-09-04 13:19:29,918 INFO Load ProtocolNegotiatorBuilder com.alibaba.nacos.core.remote.grpc.negotiator.tls.SdkDefaultTlsProtocolNegotiatorBuilder for type DEFAULT_TLS

2025-09-04 13:19:29,919 INFO Load ProtocolNegotiatorBuilder com.alibaba.nacos.core.remote.grpc.negotiator.tls.ClusterDefaultTlsProtocolNegotiatorBuilder for type CLUSTER_DEFAULT_TLS

2025-09-04 13:19:29,919 WARN Not found ProtocolNegotiatorBuilder for type nacos.remote.server.rpc.protocol.negotiator.type, will use default type nacos.remote.server.rpc.protocol.negotiator.type

2025-09-04 13:19:29,924 WARN Recommended use 'nacos.remote.server.grpc.sdk.max-inbound-message-size' property instead 'nacos.remote.server.grpc.maxinbound.message.size', now property value is 10485760

2025-09-04 13:19:30,078 INFO Ssl Context auto refresh is not supported.

2025-09-04 13:19:30,079 INFO Ssl Context auto refresh is not supported.

2025-09-04 13:19:30,080 INFO RpcServerSslContextRefresher initialization completed.

2025-09-04 13:19:30,080 INFO Nacos GrpcSdkServer Rpc server started at port 9848

2025-09-04 13:19:30,088 INFO Nacos GrpcClusterServer Rpc server starting at port 9849

2025-09-04 13:19:30,090 WARN Not found ProtocolNegotiatorBuilder for type nacos.remote.cluster.server.rpc.protocol.negotiator.type, will use default type nacos.remote.cluster.server.rpc.protocol.negotiator.type

2025-09-04 13:19:30,093 WARN Recommended use 'nacos.remote.server.grpc.cluster.max-inbound-message-size' property instead 'nacos.remote.server.grpc.maxinbound.message.size', now property value is 10485760

2025-09-04 13:19:30,098 INFO Nacos GrpcClusterServer Rpc server started at port 9849

2025-09-04 13:19:30,109 INFO [ClientConnectionEventListenerRegistry] registry listener - RpcAckCallbackInitorOrCleaner

2025-09-04 13:19:30,179 INFO [ClientConnectionEventListenerRegistry] registry listener - ConnectionBasedClientManager

2025-09-04 13:19:31,989 INFO [ClientConnectionEventListenerRegistry] registry listener - AiConnectionBasedClientManager

2025-09-04 13:19:44,208 INFO nacos has been loaded, class: com.alibaba.nacos.core.remote.grpc.ConnectionGeneratorServiceImpl

2025-09-04 13:30:56,863 INFO Nacos GrpcSdkServer Rpc server stopping

2025-09-04 13:30:56,863 INFO Nacos GrpcClusterServer Rpc server stopping

2025-09-04 13:30:56,873 INFO Nacos GrpcClusterServer Rpc server stopped successfully...

2025-09-04 13:30:56,873 INFO Nacos GrpcSdkServer Rpc server stopped successfully...

2025-09-04 13:31:25,712 INFO [ClientConnectionEventListenerRegistry] registry listener - ConfigConnectionEventListener

2025-09-04 13:31:26,074 INFO Nacos GrpcSdkServer Rpc server starting at port 9848

2025-09-04 13:31:26,321 INFO Load ProtocolNegotiatorBuilder com.alibaba.nacos.core.remote.grpc.negotiator.tls.SdkDefaultTlsProtocolNegotiatorBuilder for type DEFAULT_TLS

2025-09-04 13:31:26,321 INFO Load ProtocolNegotiatorBuilder com.alibaba.nacos.core.remote.grpc.negotiator.tls.ClusterDefaultTlsProtocolNegotiatorBuilder for type CLUSTER_DEFAULT_TLS

2025-09-04 13:31:26,322 WARN Not found ProtocolNegotiatorBuilder for type nacos.remote.server.rpc.protocol.negotiator.type, will use default type nacos.remote.server.rpc.protocol.negotiator.type

2025-09-04 13:31:26,325 WARN Recommended use 'nacos.remote.server.grpc.sdk.max-inbound-message-size' property instead 'nacos.remote.server.grpc.maxinbound.message.size', now property value is 10485760

2025-09-04 13:31:26,452 INFO Ssl Context auto refresh is not supported.

2025-09-04 13:31:26,453 INFO Ssl Context auto refresh is not supported.

2025-09-04 13:31:26,453 INFO RpcServerSslContextRefresher initialization completed.

2025-09-04 13:31:26,453 INFO Nacos GrpcSdkServer Rpc server started at port 9848

2025-09-04 13:31:26,459 INFO Nacos GrpcClusterServer Rpc server starting at port 9849

2025-09-04 13:31:26,460 WARN Not found ProtocolNegotiatorBuilder for type nacos.remote.cluster.server.rpc.protocol.negotiator.type, will use default type nacos.remote.cluster.server.rpc.protocol.negotiator.type

2025-09-04 13:31:26,462 WARN Recommended use 'nacos.remote.server.grpc.cluster.max-inbound-message-size' property instead 'nacos.remote.server.grpc.maxinbound.message.size', now property value is 10485760

2025-09-04 13:31:26,465 INFO Nacos GrpcClusterServer Rpc server started at port 9849

2025-09-04 13:31:26,473 INFO [ClientConnectionEventListenerRegistry] registry listener - RpcAckCallbackInitorOrCleaner

2025-09-04 13:31:26,532 INFO [ClientConnectionEventListenerRegistry] registry listener - ConnectionBasedClientManager

2025-09-04 13:31:28,158 INFO [ClientConnectionEventListenerRegistry] registry listener - AiConnectionBasedClientManager

2025-09-04 13:31:41,879 INFO nacos has been loaded, class: com.alibaba.nacos.core.remote.grpc.ConnectionGeneratorServiceImpl

2025-09-04 13:33:38,990 INFO Nacos GrpcClusterServer Rpc server stopping

2025-09-04 13:33:39,001 INFO Nacos GrpcClusterServer Rpc server stopped successfully...

2025-09-04 13:33:39,001 INFO Nacos GrpcSdkServer Rpc server stopping

2025-09-04 13:33:39,010 INFO Nacos GrpcSdkServer Rpc server stopped successfully...

2025-09-04 13:33:51,620 INFO [ClientConnectionEventListenerRegistry] registry listener - ConfigConnectionEventListener

2025-09-04 13:33:51,953 INFO Nacos GrpcSdkServer Rpc server starting at port 9848

2025-09-04 13:33:52,227 INFO Load ProtocolNegotiatorBuilder com.alibaba.nacos.core.remote.grpc.negotiator.tls.SdkDefaultTlsProtocolNegotiatorBuilder for type DEFAULT_TLS

2025-09-04 13:33:52,228 INFO Load ProtocolNegotiatorBuilder com.alibaba.nacos.core.remote.grpc.negotiator.tls.ClusterDefaultTlsProtocolNegotiatorBuilder for type CLUSTER_DEFAULT_TLS

2025-09-04 13:33:52,229 WARN Not found ProtocolNegotiatorBuilder for type nacos.remote.server.rpc.protocol.negotiator.type, will use default type nacos.remote.server.rpc.protocol.negotiator.type

2025-09-04 13:33:52,235 WARN Recommended use 'nacos.remote.server.grpc.sdk.max-inbound-message-size' property instead 'nacos.remote.server.grpc.maxinbound.message.size', now property value is 10485760

2025-09-04 13:33:52,415 INFO Ssl Context auto refresh is not supported.

2025-09-04 13:33:52,415 INFO Ssl Context auto refresh is not supported.

2025-09-04 13:33:52,416 INFO RpcServerSslContextRefresher initialization completed.

2025-09-04 13:33:52,416 INFO Nacos GrpcSdkServer Rpc server started at port 9848

2025-09-04 13:33:52,427 INFO Nacos GrpcClusterServer Rpc server starting at port 9849

2025-09-04 13:33:52,431 WARN Not found ProtocolNegotiatorBuilder for type nacos.remote.cluster.server.rpc.protocol.negotiator.type, will use default type nacos.remote.cluster.server.rpc.protocol.negotiator.type

2025-09-04 13:33:52,433 WARN Recommended use 'nacos.remote.server.grpc.cluster.max-inbound-message-size' property instead 'nacos.remote.server.grpc.maxinbound.message.size', now property value is 10485760

2025-09-04 13:33:52,439 INFO Nacos GrpcClusterServer Rpc server started at port 9849

2025-09-04 13:33:52,453 INFO [ClientConnectionEventListenerRegistry] registry listener - RpcAckCallbackInitorOrCleaner

2025-09-04 13:33:52,537 INFO [ClientConnectionEventListenerRegistry] registry listener - ConnectionBasedClientManager

2025-09-04 13:33:54,208 INFO [ClientConnectionEventListenerRegistry] registry listener - AiConnectionBasedClientManager

2025-09-04 13:33:56,730 INFO nacos has been loaded, class: com.alibaba.nacos.core.remote.grpc.ConnectionGeneratorServiceImpl

2025-09-04 13:33:58,941 INFO Nacos GrpcClusterServer Rpc server stopping

2025-09-04 13:33:58,944 INFO Nacos GrpcSdkServer Rpc server stopping

2025-09-04 13:33:58,953 INFO Nacos GrpcSdkServer Rpc server stopped successfully...

2025-09-04 13:33:58,953 INFO Nacos GrpcClusterServer Rpc server stopped successfully...

2025-09-04 13:45:38,545 INFO [ClientConnectionEventListenerRegistry] registry listener - ConfigConnectionEventListener

2025-09-04 13:45:38,963 INFO Nacos GrpcSdkServer Rpc server starting at port 9848

2025-09-04 13:45:39,292 INFO Load ProtocolNegotiatorBuilder com.alibaba.nacos.core.remote.grpc.negotiator.tls.SdkDefaultTlsProtocolNegotiatorBuilder for type DEFAULT_TLS

2025-09-04 13:45:39,293 INFO Load ProtocolNegotiatorBuilder com.alibaba.nacos.core.remote.grpc.negotiator.tls.ClusterDefaultTlsProtocolNegotiatorBuilder for type CLUSTER_DEFAULT_TLS

2025-09-04 13:45:39,294 WARN Not found ProtocolNegotiatorBuilder for type nacos.remote.server.rpc.protocol.negotiator.type, will use default type nacos.remote.server.rpc.protocol.negotiator.type

2025-09-04 13:45:39,299 WARN Recommended use 'nacos.remote.server.grpc.sdk.max-inbound-message-size' property instead 'nacos.remote.server.grpc.maxinbound.message.size', now property value is 10485760

2025-09-04 13:45:39,458 INFO Ssl Context auto refresh is not supported.

2025-09-04 13:45:39,459 INFO Ssl Context auto refresh is not supported.

2025-09-04 13:45:39,459 INFO RpcServerSslContextRefresher initialization completed.

2025-09-04 13:45:39,460 INFO Nacos GrpcSdkServer Rpc server started at port 9848

2025-09-04 13:45:39,465 INFO Nacos GrpcClusterServer Rpc server starting at port 9849

2025-09-04 13:45:39,469 WARN Not found ProtocolNegotiatorBuilder for type nacos.remote.cluster.server.rpc.protocol.negotiator.type, will use default type nacos.remote.cluster.server.rpc.protocol.negotiator.type

2025-09-04 13:45:39,471 WARN Recommended use 'nacos.remote.server.grpc.cluster.max-inbound-message-size' property instead 'nacos.remote.server.grpc.maxinbound.message.size', now property value is 10485760

2025-09-04 13:45:39,475 INFO Nacos GrpcClusterServer Rpc server started at port 9849

2025-09-04 13:45:39,485 INFO [ClientConnectionEventListenerRegistry] registry listener - RpcAckCallbackInitorOrCleaner

2025-09-04 13:45:39,559 INFO [ClientConnectionEventListenerRegistry] registry listener - ConnectionBasedClientManager

2025-09-04 13:45:41,305 INFO [ClientConnectionEventListenerRegistry] registry listener - AiConnectionBasedClientManager

2025-09-04 13:45:53,669 INFO nacos has been loaded, class: com.alibaba.nacos.core.remote.grpc.ConnectionGeneratorServiceImpl

2025-09-04 14:07:06,463 INFO Nacos GrpcSdkServer Rpc server stopping

2025-09-04 14:07:06,463 INFO Nacos GrpcClusterServer Rpc server stopping

2025-09-04 14:07:06,474 INFO Nacos GrpcClusterServer Rpc server stopped successfully...

2025-09-04 14:07:06,474 INFO Nacos GrpcSdkServer Rpc server stopped successfully...

2025-09-04 14:08:15,627 INFO [ClientConnectionEventListenerRegistry] registry listener - ConfigConnectionEventListener

2025-09-04 14:08:16,021 INFO Nacos GrpcSdkServer Rpc server starting at port 9848

2025-09-04 14:08:16,328 INFO Load ProtocolNegotiatorBuilder com.alibaba.nacos.core.remote.grpc.negotiator.tls.SdkDefaultTlsProtocolNegotiatorBuilder for type DEFAULT_TLS

2025-09-04 14:08:16,329 INFO Load ProtocolNegotiatorBuilder com.alibaba.nacos.core.remote.grpc.negotiator.tls.ClusterDefaultTlsProtocolNegotiatorBuilder for type CLUSTER_DEFAULT_TLS

2025-09-04 14:08:16,330 WARN Not found ProtocolNegotiatorBuilder for type nacos.remote.server.rpc.protocol.negotiator.type, will use default type nacos.remote.server.rpc.protocol.negotiator.type

2025-09-04 14:08:16,333 WARN Recommended use 'nacos.remote.server.grpc.sdk.max-inbound-message-size' property instead 'nacos.remote.server.grpc.maxinbound.message.size', now property value is 10485760

2025-09-04 14:08:16,513 INFO Ssl Context auto refresh is not supported.

2025-09-04 14:08:16,513 INFO Ssl Context auto refresh is not supported.

2025-09-04 14:08:16,514 INFO RpcServerSslContextRefresher initialization completed.

2025-09-04 14:08:16,514 INFO Nacos GrpcSdkServer Rpc server started at port 9848

2025-09-04 14:08:16,522 INFO Nacos GrpcClusterServer Rpc server starting at port 9849

2025-09-04 14:08:16,523 WARN Not found ProtocolNegotiatorBuilder for type nacos.remote.cluster.server.rpc.protocol.negotiator.type, will use default type nacos.remote.cluster.server.rpc.protocol.negotiator.type

2025-09-04 14:08:16,525 WARN Recommended use 'nacos.remote.server.grpc.cluster.max-inbound-message-size' property instead 'nacos.remote.server.grpc.maxinbound.message.size', now property value is 10485760

2025-09-04 14:08:16,529 INFO Nacos GrpcClusterServer Rpc server started at port 9849

2025-09-04 14:08:16,543 INFO [ClientConnectionEventListenerRegistry] registry listener - RpcAckCallbackInitorOrCleaner

2025-09-04 14:08:16,622 INFO [ClientConnectionEventListenerRegistry] registry listener - ConnectionBasedClientManager

2025-09-04 14:08:18,324 INFO [ClientConnectionEventListenerRegistry] registry listener - AiConnectionBasedClientManager

2025-09-04 14:08:30,350 INFO nacos has been loaded, class: com.alibaba.nacos.core.remote.grpc.ConnectionGeneratorServiceImpl

2025-09-04 14:18:08,882 INFO Nacos GrpcSdkServer Rpc server stopping

2025-09-04 14:18:08,884 INFO Nacos GrpcClusterServer Rpc server stopping

2025-09-04 14:18:08,895 INFO Nacos GrpcSdkServer Rpc server stopped successfully...

2025-09-04 14:18:08,895 INFO Nacos GrpcClusterServer Rpc server stopped successfully...

2025-09-04 14:18:31,668 INFO [ClientConnectionEventListenerRegistry] registry listener - ConfigConnectionEventListener

2025-09-04 14:18:32,073 INFO Nacos GrpcSdkServer Rpc server starting at port 9848

2025-09-04 14:18:32,384 INFO Load ProtocolNegotiatorBuilder com.alibaba.nacos.core.remote.grpc.negotiator.tls.SdkDefaultTlsProtocolNegotiatorBuilder for type DEFAULT_TLS

2025-09-04 14:18:32,385 INFO Load ProtocolNegotiatorBuilder com.alibaba.nacos.core.remote.grpc.negotiator.tls.ClusterDefaultTlsProtocolNegotiatorBuilder for type CLUSTER_DEFAULT_TLS

2025-09-04 14:18:32,385 WARN Not found ProtocolNegotiatorBuilder for type nacos.remote.server.rpc.protocol.negotiator.type, will use default type nacos.remote.server.rpc.protocol.negotiator.type

2025-09-04 14:18:32,393 WARN Recommended use 'nacos.remote.server.grpc.sdk.max-inbound-message-size' property instead 'nacos.remote.server.grpc.maxinbound.message.size', now property value is 10485760

2025-09-04 14:18:32,600 INFO Ssl Context auto refresh is not supported.

2025-09-04 14:18:32,601 INFO Ssl Context auto refresh is not supported.

2025-09-04 14:18:32,601 INFO RpcServerSslContextRefresher initialization completed.

2025-09-04 14:18:32,602 INFO Nacos GrpcSdkServer Rpc server started at port 9848

2025-09-04 14:18:32,609 INFO Nacos GrpcClusterServer Rpc server starting at port 9849

2025-09-04 14:18:32,611 WARN Not found ProtocolNegotiatorBuilder for type nacos.remote.cluster.server.rpc.protocol.negotiator.type, will use default type nacos.remote.cluster.server.rpc.protocol.negotiator.type

2025-09-04 14:18:32,612 WARN Recommended use 'nacos.remote.server.grpc.cluster.max-inbound-message-size' property instead 'nacos.remote.server.grpc.maxinbound.message.size', now property value is 10485760

2025-09-04 14:18:32,628 INFO Nacos GrpcClusterServer Rpc server started at port 9849

2025-09-04 14:18:32,640 INFO [ClientConnectionEventListenerRegistry] registry listener - RpcAckCallbackInitorOrCleaner

2025-09-04 14:18:32,710 INFO [ClientConnectionEventListenerRegistry] registry listener - ConnectionBasedClientManager

2025-09-04 14:18:34,430 INFO [ClientConnectionEventListenerRegistry] registry listener - AiConnectionBasedClientManager

2025-09-04 14:18:46,089 INFO nacos has been loaded, class: com.alibaba.nacos.core.remote.grpc.ConnectionGeneratorServiceImpl

2025-09-04 14:21:28,574 INFO Nacos GrpcSdkServer Rpc server stopping

2025-09-04 14:21:28,582 INFO Nacos GrpcSdkServer Rpc server stopped successfully...

2025-09-04 14:21:28,589 INFO Nacos GrpcClusterServer Rpc server stopping

2025-09-04 14:21:28,603 INFO Nacos GrpcClusterServer Rpc server stopped successfully...

2025-09-04 14:21:53,497 INFO [ClientConnectionEventListenerRegistry] registry listener - ConfigConnectionEventListener

2025-09-04 14:21:53,899 INFO Nacos GrpcSdkServer Rpc server starting at port 9848

2025-09-04 14:21:54,215 INFO Load ProtocolNegotiatorBuilder com.alibaba.nacos.core.remote.grpc.negotiator.tls.SdkDefaultTlsProtocolNegotiatorBuilder for type DEFAULT_TLS

2025-09-04 14:21:54,216 INFO Load ProtocolNegotiatorBuilder com.alibaba.nacos.core.remote.grpc.negotiator.tls.ClusterDefaultTlsProtocolNegotiatorBuilder for type CLUSTER_DEFAULT_TLS

2025-09-04 14:21:54,217 WARN Not found ProtocolNegotiatorBuilder for type nacos.remote.server.rpc.protocol.negotiator.type, will use default type nacos.remote.server.rpc.protocol.negotiator.type

2025-09-04 14:21:54,220 WARN Recommended use 'nacos.remote.server.grpc.sdk.max-inbound-message-size' property instead 'nacos.remote.server.grpc.maxinbound.message.size', now property value is 10485760

2025-09-04 14:21:54,405 INFO Ssl Context auto refresh is not supported.

2025-09-04 14:21:54,406 INFO Ssl Context auto refresh is not supported.

2025-09-04 14:21:54,407 INFO RpcServerSslContextRefresher initialization completed.

2025-09-04 14:21:54,407 INFO Nacos GrpcSdkServer Rpc server started at port 9848

2025-09-04 14:21:54,413 INFO Nacos GrpcClusterServer Rpc server starting at port 9849

2025-09-04 14:21:54,415 WARN Not found ProtocolNegotiatorBuilder for type nacos.remote.cluster.server.rpc.protocol.negotiator.type, will use default type nacos.remote.cluster.server.rpc.protocol.negotiator.type

2025-09-04 14:21:54,417 WARN Recommended use 'nacos.remote.server.grpc.cluster.max-inbound-message-size' property instead 'nacos.remote.server.grpc.maxinbound.message.size', now property value is 10485760

2025-09-04 14:21:54,442 INFO Nacos GrpcClusterServer Rpc server started at port 9849

2025-09-04 14:21:54,449 INFO [ClientConnectionEventListenerRegistry] registry listener - RpcAckCallbackInitorOrCleaner

2025-09-04 14:21:54,534 INFO [ClientConnectionEventListenerRegistry] registry listener - ConnectionBasedClientManager

2025-09-04 14:21:56,085 INFO [ClientConnectionEventListenerRegistry] registry listener - AiConnectionBasedClientManager

2025-09-04 14:22:08,210 INFO nacos has been loaded, class: com.alibaba.nacos.core.remote.grpc.ConnectionGeneratorServiceImpl

2025-09-04 14:24:15,297 INFO Nacos GrpcSdkServer Rpc server stopping

2025-09-04 14:24:15,298 INFO Nacos GrpcClusterServer Rpc server stopping

2025-09-04 14:24:15,308 INFO Nacos GrpcClusterServer Rpc server stopped successfully...

2025-09-04 14:24:15,308 INFO Nacos GrpcSdkServer Rpc server stopped successfully...

2025-09-04 14:24:35,035 INFO [ClientConnectionEventListenerRegistry] registry listener - ConfigConnectionEventListener

2025-09-04 14:24:35,421 INFO Nacos GrpcSdkServer Rpc server starting at port 9848

2025-09-04 14:24:35,723 INFO Load ProtocolNegotiatorBuilder com.alibaba.nacos.core.remote.grpc.negotiator.tls.SdkDefaultTlsProtocolNegotiatorBuilder for type DEFAULT_TLS

2025-09-04 14:24:35,724 INFO Load ProtocolNegotiatorBuilder com.alibaba.nacos.core.remote.grpc.negotiator.tls.ClusterDefaultTlsProtocolNegotiatorBuilder for type CLUSTER_DEFAULT_TLS

2025-09-04 14:24:35,725 WARN Not found ProtocolNegotiatorBuilder for type nacos.remote.server.rpc.protocol.negotiator.type, will use default type nacos.remote.server.rpc.protocol.negotiator.type

2025-09-04 14:24:35,729 WARN Recommended use 'nacos.remote.server.grpc.sdk.max-inbound-message-size' property instead 'nacos.remote.server.grpc.maxinbound.message.size', now property value is 10485760

2025-09-04 14:24:35,923 INFO Ssl Context auto refresh is not supported.

2025-09-04 14:24:35,923 INFO Ssl Context auto refresh is not supported.

2025-09-04 14:24:35,924 INFO RpcServerSslContextRefresher initialization completed.

2025-09-04 14:24:35,924 INFO Nacos GrpcSdkServer Rpc server started at port 9848

2025-09-04 14:24:35,930 INFO Nacos GrpcClusterServer Rpc server starting at port 9849

2025-09-04 14:24:35,932 WARN Not found ProtocolNegotiatorBuilder for type nacos.remote.cluster.server.rpc.protocol.negotiator.type, will use default type nacos.remote.cluster.server.rpc.protocol.negotiator.type

2025-09-04 14:24:35,933 WARN Recommended use 'nacos.remote.server.grpc.cluster.max-inbound-message-size' property instead 'nacos.remote.server.grpc.maxinbound.message.size', now property value is 10485760

2025-09-04 14:24:35,949 INFO Nacos GrpcClusterServer Rpc server started at port 9849

2025-09-04 14:24:35,958 INFO [ClientConnectionEventListenerRegistry] registry listener - RpcAckCallbackInitorOrCleaner

2025-09-04 14:24:36,027 INFO [ClientConnectionEventListenerRegistry] registry listener - ConnectionBasedClientManager

2025-09-04 14:24:37,748 INFO [ClientConnectionEventListenerRegistry] registry listener - AiConnectionBasedClientManager

2025-09-04 14:24:48,476 INFO nacos has been loaded, class: com.alibaba.nacos.core.remote.grpc.ConnectionGeneratorServiceImpl

2025-09-04 14:35:50,888 INFO Nacos GrpcClusterServer Rpc server stopping

2025-09-04 14:35:50,891 INFO Nacos GrpcSdkServer Rpc server stopping

2025-09-04 14:35:50,902 INFO Nacos GrpcClusterServer Rpc server stopped successfully...

2025-09-04 14:35:50,902 INFO Nacos GrpcSdkServer Rpc server stopped successfully...

2025-09-04 14:38:05,070 INFO [ClientConnectionEventListenerRegistry] registry listener - ConfigConnectionEventListener

2025-09-04 14:38:05,420 INFO Nacos GrpcSdkServer Rpc server starting at port 9848

2025-09-04 14:38:05,686 INFO Load ProtocolNegotiatorBuilder com.alibaba.nacos.core.remote.grpc.negotiator.tls.SdkDefaultTlsProtocolNegotiatorBuilder for type DEFAULT_TLS

2025-09-04 14:38:05,687 INFO Load ProtocolNegotiatorBuilder com.alibaba.nacos.core.remote.grpc.negotiator.tls.ClusterDefaultTlsProtocolNegotiatorBuilder for type CLUSTER_DEFAULT_TLS

2025-09-04 14:38:05,687 WARN Not found ProtocolNegotiatorBuilder for type nacos.remote.server.rpc.protocol.negotiator.type, will use default type nacos.remote.server.rpc.protocol.negotiator.type

2025-09-04 14:38:05,693 WARN Recommended use 'nacos.remote.server.grpc.sdk.max-inbound-message-size' property instead 'nacos.remote.server.grpc.maxinbound.message.size', now property value is 10485760

2025-09-04 14:38:05,860 INFO Ssl Context auto refresh is not supported.

2025-09-04 14:38:05,860 INFO Ssl Context auto refresh is not supported.

2025-09-04 14:38:05,861 INFO RpcServerSslContextRefresher initialization completed.

2025-09-04 14:38:05,861 INFO Nacos GrpcSdkServer Rpc server started at port 9848

2025-09-04 14:38:05,867 INFO Nacos GrpcClusterServer Rpc server starting at port 9849

2025-09-04 14:38:05,869 WARN Not found ProtocolNegotiatorBuilder for type nacos.remote.cluster.server.rpc.protocol.negotiator.type, will use default type nacos.remote.cluster.server.rpc.protocol.negotiator.type

2025-09-04 14:38:05,870 WARN Recommended use 'nacos.remote.server.grpc.cluster.max-inbound-message-size' property instead 'nacos.remote.server.grpc.maxinbound.message.size', now property value is 10485760

2025-09-04 14:38:05,875 INFO Nacos GrpcClusterServer Rpc server started at port 9849

2025-09-04 14:38:05,885 INFO [ClientConnectionEventListenerRegistry] registry listener - RpcAckCallbackInitorOrCleaner

2025-09-04 14:38:05,955 INFO [ClientConnectionEventListenerRegistry] registry listener - ConnectionBasedClientManager

2025-09-04 14:38:07,552 INFO [ClientConnectionEventListenerRegistry] registry listener - AiConnectionBasedClientManager

2025-09-04 14:38:19,994 INFO nacos has been loaded, class: com.alibaba.nacos.core.remote.grpc.ConnectionGeneratorServiceImpl

2025-09-04 14:41:24,369 INFO Nacos GrpcClusterServer Rpc server stopping

2025-09-04 14:41:24,370 INFO Nacos GrpcSdkServer Rpc server stopping

2025-09-04 14:41:24,375 INFO Nacos GrpcClusterServer Rpc server stopped successfully...

2025-09-04 14:41:24,375 INFO Nacos GrpcSdkServer Rpc server stopped successfully...

2025-09-04 14:42:35,829 INFO [ClientConnectionEventListenerRegistry] registry listener - ConfigConnectionEventListener

2025-09-04 14:42:36,177 INFO Nacos GrpcSdkServer Rpc server starting at port 9848

2025-09-04 14:42:36,462 INFO Load ProtocolNegotiatorBuilder com.alibaba.nacos.core.remote.grpc.negotiator.tls.SdkDefaultTlsProtocolNegotiatorBuilder for type DEFAULT_TLS

2025-09-04 14:42:36,462 INFO Load ProtocolNegotiatorBuilder com.alibaba.nacos.core.remote.grpc.negotiator.tls.ClusterDefaultTlsProtocolNegotiatorBuilder for type CLUSTER_DEFAULT_TLS

2025-09-04 14:42:36,463 WARN Not found ProtocolNegotiatorBuilder for type nacos.remote.server.rpc.protocol.negotiator.type, will use default type nacos.remote.server.rpc.protocol.negotiator.type

2025-09-04 14:42:36,467 WARN Recommended use 'nacos.remote.server.grpc.sdk.max-inbound-message-size' property instead 'nacos.remote.server.grpc.maxinbound.message.size', now property value is 10485760

2025-09-04 14:42:36,619 INFO Ssl Context auto refresh is not supported.

2025-09-04 14:42:36,620 INFO Ssl Context auto refresh is not supported.

2025-09-04 14:42:36,620 INFO RpcServerSslContextRefresher initialization completed.

2025-09-04 14:42:36,621 INFO Nacos GrpcSdkServer Rpc server started at port 9848

2025-09-04 14:42:36,628 INFO Nacos GrpcClusterServer Rpc server starting at port 9849

2025-09-04 14:42:36,633 WARN Not found ProtocolNegotiatorBuilder for type nacos.remote.cluster.server.rpc.protocol.negotiator.type, will use default type nacos.remote.cluster.server.rpc.protocol.negotiator.type

2025-09-04 14:42:36,636 WARN Recommended use 'nacos.remote.server.grpc.cluster.max-inbound-message-size' property instead 'nacos.remote.server.grpc.maxinbound.message.size', now property value is 10485760

2025-09-04 14:42:36,640 INFO Nacos GrpcClusterServer Rpc server started at port 9849

2025-09-04 14:42:36,649 INFO [ClientConnectionEventListenerRegistry] registry listener - RpcAckCallbackInitorOrCleaner

2025-09-04 14:42:36,718 INFO [ClientConnectionEventListenerRegistry] registry listener - ConnectionBasedClientManager

2025-09-04 14:42:38,444 INFO [ClientConnectionEventListenerRegistry] registry listener - AiConnectionBasedClientManager

2025-09-04 14:42:51,801 INFO nacos has been loaded, class: com.alibaba.nacos.core.remote.grpc.ConnectionGeneratorServiceImpl

2025-09-04 14:44:06,713 INFO Nacos GrpcClusterServer Rpc server stopping

2025-09-04 14:44:06,716 INFO Nacos GrpcSdkServer Rpc server stopping

2025-09-04 14:44:06,726 INFO Nacos GrpcClusterServer Rpc server stopped successfully...

2025-09-04 14:44:06,727 INFO Nacos GrpcSdkServer Rpc server stopped successfully...

2025-09-04 14:46:22,248 INFO [ClientConnectionEventListenerRegistry] registry listener - ConfigConnectionEventListener

2025-09-04 14:46:22,552 INFO Nacos GrpcSdkServer Rpc server starting at port 9848

2025-09-04 14:46:22,763 INFO Load ProtocolNegotiatorBuilder com.alibaba.nacos.core.remote.grpc.negotiator.tls.SdkDefaultTlsProtocolNegotiatorBuilder for type DEFAULT_TLS

2025-09-04 14:46:22,764 INFO Load ProtocolNegotiatorBuilder com.alibaba.nacos.core.remote.grpc.negotiator.tls.ClusterDefaultTlsProtocolNegotiatorBuilder for type CLUSTER_DEFAULT_TLS

2025-09-04 14:46:22,765 WARN Not found ProtocolNegotiatorBuilder for type nacos.remote.server.rpc.protocol.negotiator.type, will use default type nacos.remote.server.rpc.protocol.negotiator.type

2025-09-04 14:46:22,771 WARN Recommended use 'nacos.remote.server.grpc.sdk.max-inbound-message-size' property instead 'nacos.remote.server.grpc.maxinbound.message.size', now property value is 10485760

2025-09-04 14:46:22,938 INFO Ssl Context auto refresh is not supported.

2025-09-04 14:46:22,938 INFO Ssl Context auto refresh is not supported.

2025-09-04 14:46:22,938 INFO RpcServerSslContextRefresher initialization completed.

2025-09-04 14:46:22,939 INFO Nacos GrpcSdkServer Rpc server started at port 9848

2025-09-04 14:46:22,944 INFO Nacos GrpcClusterServer Rpc server starting at port 9849

2025-09-04 14:46:22,946 WARN Not found ProtocolNegotiatorBuilder for type nacos.remote.cluster.server.rpc.protocol.negotiator.type, will use default type nacos.remote.cluster.server.rpc.protocol.negotiator.type

2025-09-04 14:46:22,947 WARN Recommended use 'nacos.remote.server.grpc.cluster.max-inbound-message-size' property instead 'nacos.remote.server.grpc.maxinbound.message.size', now property value is 10485760

2025-09-04 14:46:22,952 INFO Nacos GrpcClusterServer Rpc server started at port 9849

2025-09-04 14:46:22,963 INFO [ClientConnectionEventListenerRegistry] registry listener - RpcAckCallbackInitorOrCleaner

2025-09-04 14:46:23,065 INFO [ClientConnectionEventListenerRegistry] registry listener - ConnectionBasedClientManager

2025-09-04 14:46:23,564 INFO [ClientConnectionEventListenerRegistry] registry listener - AiConnectionBasedClientManager

2025-09-04 14:46:37,397 INFO nacos has been loaded, class: com.alibaba.nacos.core.remote.grpc.ConnectionGeneratorServiceImpl

2025-09-04 14:49:12,959 INFO Nacos GrpcSdkServer Rpc server stopping

2025-09-04 14:49:12,963 INFO Nacos GrpcClusterServer Rpc server stopping

2025-09-04 14:49:12,969 INFO Nacos GrpcClusterServer Rpc server stopped successfully...

2025-09-04 14:49:12,969 INFO Nacos GrpcSdkServer Rpc server stopped successfully...

2025-09-04 14:50:13,861 INFO [ClientConnectionEventListenerRegistry] registry listener - ConfigConnectionEventListener

2025-09-04 14:50:14,219 INFO Nacos GrpcSdkServer Rpc server starting at port 9848

2025-09-04 14:50:14,475 INFO Load ProtocolNegotiatorBuilder com.alibaba.nacos.core.remote.grpc.negotiator.tls.SdkDefaultTlsProtocolNegotiatorBuilder for type DEFAULT_TLS

2025-09-04 14:50:14,475 INFO Load ProtocolNegotiatorBuilder com.alibaba.nacos.core.remote.grpc.negotiator.tls.ClusterDefaultTlsProtocolNegotiatorBuilder for type CLUSTER_DEFAULT_TLS

2025-09-04 14:50:14,476 WARN Not found ProtocolNegotiatorBuilder for type nacos.remote.server.rpc.protocol.negotiator.type, will use default type nacos.remote.server.rpc.protocol.negotiator.type

2025-09-04 14:50:14,480 WARN Recommended use 'nacos.remote.server.grpc.sdk.max-inbound-message-size' property instead 'nacos.remote.server.grpc.maxinbound.message.size', now property value is 10485760

2025-09-04 14:50:14,613 INFO Ssl Context auto refresh is not supported.

2025-09-04 14:50:14,613 INFO Ssl Context auto refresh is not supported.

2025-09-04 14:50:14,614 INFO RpcServerSslContextRefresher initialization completed.

2025-09-04 14:50:14,614 INFO Nacos GrpcSdkServer Rpc server started at port 9848

2025-09-04 14:50:14,620 INFO Nacos GrpcClusterServer Rpc server starting at port 9849

2025-09-04 14:50:14,622 WARN Not found ProtocolNegotiatorBuilder for type nacos.remote.cluster.server.rpc.protocol.negotiator.type, will use default type nacos.remote.cluster.server.rpc.protocol.negotiator.type

2025-09-04 14:50:14,626 WARN Recommended use 'nacos.remote.server.grpc.cluster.max-inbound-message-size' property instead 'nacos.remote.server.grpc.maxinbound.message.size', now property value is 10485760

2025-09-04 14:50:14,630 INFO Nacos GrpcClusterServer Rpc server started at port 9849

2025-09-04 14:50:14,645 INFO [ClientConnectionEventListenerRegistry] registry listener - RpcAckCallbackInitorOrCleaner

2025-09-04 14:50:14,717 INFO [ClientConnectionEventListenerRegistry] registry listener - ConnectionBasedClientManager

2025-09-04 14:50:16,315 INFO [ClientConnectionEventListenerRegistry] registry listener - AiConnectionBasedClientManager

2025-09-04 14:50:31,005 INFO nacos has been loaded, class: com.alibaba.nacos.core.remote.grpc.ConnectionGeneratorServiceImpl

2025-09-04 14:53:21,404 INFO Nacos GrpcSdkServer Rpc server stopping

2025-09-04 14:53:21,406 INFO Nacos GrpcClusterServer Rpc server stopping

2025-09-04 14:53:21,424 INFO Nacos GrpcClusterServer Rpc server stopped successfully...

2025-09-04 14:53:21,424 INFO Nacos GrpcSdkServer Rpc server stopped successfully...

2025-09-04 14:54:02,961 INFO [ClientConnectionEventListenerRegistry] registry listener - ConfigConnectionEventListener

2025-09-04 14:54:03,443 INFO Nacos GrpcSdkServer Rpc server starting at port 9848

2025-09-04 14:54:03,921 INFO Load ProtocolNegotiatorBuilder com.alibaba.nacos.core.remote.grpc.negotiator.tls.SdkDefaultTlsProtocolNegotiatorBuilder for type DEFAULT_TLS

2025-09-04 14:54:03,922 INFO Load ProtocolNegotiatorBuilder com.alibaba.nacos.core.remote.grpc.negotiator.tls.ClusterDefaultTlsProtocolNegotiatorBuilder for type CLUSTER_DEFAULT_TLS

2025-09-04 14:54:03,930 WARN Not found ProtocolNegotiatorBuilder for type nacos.remote.server.rpc.protocol.negotiator.type, will use default type nacos.remote.server.rpc.protocol.negotiator.type

2025-09-04 14:54:03,942 WARN Recommended use 'nacos.remote.server.grpc.sdk.max-inbound-message-size' property instead 'nacos.remote.server.grpc.maxinbound.message.size', now property value is 10485760

2025-09-04 14:54:04,208 INFO Ssl Context auto refresh is not supported.

2025-09-04 14:54:04,209 INFO Ssl Context auto refresh is not supported.

2025-09-04 14:54:04,209 INFO RpcServerSslContextRefresher initialization completed.

2025-09-04 14:54:04,210 INFO Nacos GrpcSdkServer Rpc server started at port 9848

2025-09-04 14:54:04,220 INFO Nacos GrpcClusterServer Rpc server starting at port 9849

2025-09-04 14:54:04,222 WARN Not found ProtocolNegotiatorBuilder for type nacos.remote.cluster.server.rpc.protocol.negotiator.type, will use default type nacos.remote.cluster.server.rpc.protocol.negotiator.type

2025-09-04 14:54:04,224 WARN Recommended use 'nacos.remote.server.grpc.cluster.max-inbound-message-size' property instead 'nacos.remote.server.grpc.maxinbound.message.size', now property value is 10485760

2025-09-04 14:54:04,229 INFO Nacos GrpcClusterServer Rpc server started at port 9849

2025-09-04 14:54:04,243 INFO [ClientConnectionEventListenerRegistry] registry listener - RpcAckCallbackInitorOrCleaner

2025-09-04 14:54:04,376 INFO [ClientConnectionEventListenerRegistry] registry listener - ConnectionBasedClientManager

2025-09-04 14:54:05,968 INFO [ClientConnectionEventListenerRegistry] registry listener - AiConnectionBasedClientManager

2025-09-04 14:54:20,085 INFO nacos has been loaded, class: com.alibaba.nacos.core.remote.grpc.ConnectionGeneratorServiceImpl

2025-09-04 15:01:17,627 INFO Nacos GrpcClusterServer Rpc server stopping

2025-09-04 15:01:17,629 INFO Nacos GrpcSdkServer Rpc server stopping

2025-09-04 15:01:17,676 INFO Nacos GrpcClusterServer Rpc server stopped successfully...

2025-09-04 15:01:17,676 INFO Nacos GrpcSdkServer Rpc server stopped successfully...

2025-09-04 15:04:25,159 INFO [ClientConnectionEventListenerRegistry] registry listener - ConfigConnectionEventListener

2025-09-04 15:04:25,626 INFO Nacos GrpcSdkServer Rpc server starting at port 9848

2025-09-04 15:04:26,015 INFO Load ProtocolNegotiatorBuilder com.alibaba.nacos.core.remote.grpc.negotiator.tls.SdkDefaultTlsProtocolNegotiatorBuilder for type DEFAULT_TLS

2025-09-04 15:04:26,016 INFO Load ProtocolNegotiatorBuilder com.alibaba.nacos.core.remote.grpc.negotiator.tls.ClusterDefaultTlsProtocolNegotiatorBuilder for type CLUSTER_DEFAULT_TLS

2025-09-04 15:04:26,017 WARN Not found ProtocolNegotiatorBuilder for type nacos.remote.server.rpc.protocol.negotiator.type, will use default type nacos.remote.server.rpc.protocol.negotiator.type

2025-09-04 15:04:26,025 WARN Recommended use 'nacos.remote.server.grpc.sdk.max-inbound-message-size' property instead 'nacos.remote.server.grpc.maxinbound.message.size', now property value is 10485760

2025-09-04 15:04:26,290 INFO Ssl Context auto refresh is not supported.

2025-09-04 15:04:26,291 INFO Ssl Context auto refresh is not supported.

2025-09-04 15:04:26,292 INFO RpcServerSslContextRefresher initialization completed.

2025-09-04 15:04:26,292 INFO Nacos GrpcSdkServer Rpc server started at port 9848

2025-09-04 15:04:26,304 INFO Nacos GrpcClusterServer Rpc server starting at port 9849

2025-09-04 15:04:26,310 WARN Not found ProtocolNegotiatorBuilder for type nacos.remote.cluster.server.rpc.protocol.negotiator.type, will use default type nacos.remote.cluster.server.rpc.protocol.negotiator.type

2025-09-04 15:04:26,313 WARN Recommended use 'nacos.remote.server.grpc.cluster.max-inbound-message-size' property instead 'nacos.remote.server.grpc.maxinbound.message.size', now property value is 10485760

2025-09-04 15:04:26,324 INFO Nacos GrpcClusterServer Rpc server started at port 9849

2025-09-04 15:04:26,344 INFO [ClientConnectionEventListenerRegistry] registry listener - RpcAckCallbackInitorOrCleaner

2025-09-04 15:04:26,476 INFO [ClientConnectionEventListenerRegistry] registry listener - ConnectionBasedClientManager

2025-09-04 15:04:29,030 INFO [ClientConnectionEventListenerRegistry] registry listener - AiConnectionBasedClientManager

2025-09-04 15:04:42,563 INFO nacos has been loaded, class: com.alibaba.nacos.core.remote.grpc.ConnectionGeneratorServiceImpl

2025-09-04 15:08:14,279 INFO Nacos GrpcSdkServer Rpc server stopping

2025-09-04 15:08:14,284 INFO Nacos GrpcClusterServer Rpc server stopping

2025-09-04 15:08:14,292 INFO Nacos GrpcClusterServer Rpc server stopped successfully...

2025-09-04 15:08:14,292 INFO Nacos GrpcSdkServer Rpc server stopped successfully...

2025-09-04 15:09:52,170 INFO [ClientConnectionEventListenerRegistry] registry listener - ConfigConnectionEventListener

2025-09-04 15:09:52,672 INFO Nacos GrpcSdkServer Rpc server starting at port 9848

2025-09-04 15:09:53,154 INFO Load ProtocolNegotiatorBuilder com.alibaba.nacos.core.remote.grpc.negotiator.tls.SdkDefaultTlsProtocolNegotiatorBuilder for type DEFAULT_TLS

2025-09-04 15:09:53,155 INFO Load ProtocolNegotiatorBuilder com.alibaba.nacos.core.remote.grpc.negotiator.tls.ClusterDefaultTlsProtocolNegotiatorBuilder for type CLUSTER_DEFAULT_TLS

2025-09-04 15:09:53,156 WARN Not found ProtocolNegotiatorBuilder for type nacos.remote.server.rpc.protocol.negotiator.type, will use default type nacos.remote.server.rpc.protocol.negotiator.type

2025-09-04 15:09:53,172 WARN Recommended use 'nacos.remote.server.grpc.sdk.max-inbound-message-size' property instead 'nacos.remote.server.grpc.maxinbound.message.size', now property value is 10485760

2025-09-04 15:09:53,493 INFO Ssl Context auto refresh is not supported.

2025-09-04 15:09:53,494 INFO Ssl Context auto refresh is not supported.

2025-09-04 15:09:53,494 INFO RpcServerSslContextRefresher initialization completed.

2025-09-04 15:09:53,495 INFO Nacos GrpcSdkServer Rpc server started at port 9848

2025-09-04 15:09:53,506 INFO Nacos GrpcClusterServer Rpc server starting at port 9849

2025-09-04 15:09:53,510 WARN Not found ProtocolNegotiatorBuilder for type nacos.remote.cluster.server.rpc.protocol.negotiator.type, will use default type nacos.remote.cluster.server.rpc.protocol.negotiator.type

2025-09-04 15:09:53,512 WARN Recommended use 'nacos.remote.server.grpc.cluster.max-inbound-message-size' property instead 'nacos.remote.server.grpc.maxinbound.message.size', now property value is 10485760

2025-09-04 15:09:53,519 INFO Nacos GrpcClusterServer Rpc server started at port 9849

2025-09-04 15:09:53,535 INFO [ClientConnectionEventListenerRegistry] registry listener - RpcAckCallbackInitorOrCleaner

2025-09-04 15:09:53,652 INFO [ClientConnectionEventListenerRegistry] registry listener - ConnectionBasedClientManager

2025-09-04 15:09:56,126 INFO [ClientConnectionEventListenerRegistry] registry listener - AiConnectionBasedClientManager

2025-09-04 15:10:09,468 INFO nacos has been loaded, class: com.alibaba.nacos.core.remote.grpc.ConnectionGeneratorServiceImpl

2025-09-04 15:14:17,431 INFO Nacos GrpcSdkServer Rpc server stopping

2025-09-04 15:14:17,432 INFO Nacos GrpcClusterServer Rpc server stopping

2025-09-04 15:14:17,444 INFO Nacos GrpcClusterServer Rpc server stopped successfully...

2025-09-04 15:14:17,445 INFO Nacos GrpcSdkServer Rpc server stopped successfully...

2025-09-04 15:17:57,450 INFO [ClientConnectionEventListenerRegistry] registry listener - ConfigConnectionEventListener

2025-09-04 15:17:57,927 INFO Nacos GrpcSdkServer Rpc server starting at port 9848

2025-09-04 15:17:58,300 INFO Load ProtocolNegotiatorBuilder com.alibaba.nacos.core.remote.grpc.negotiator.tls.SdkDefaultTlsProtocolNegotiatorBuilder for type DEFAULT_TLS

2025-09-04 15:17:58,301 INFO Load ProtocolNegotiatorBuilder com.alibaba.nacos.core.remote.grpc.negotiator.tls.ClusterDefaultTlsProtocolNegotiatorBuilder for type CLUSTER_DEFAULT_TLS

2025-09-04 15:17:58,302 WARN Not found ProtocolNegotiatorBuilder for type nacos.remote.server.rpc.protocol.negotiator.type, will use default type nacos.remote.server.rpc.protocol.negotiator.type

2025-09-04 15:17:58,308 WARN Recommended use 'nacos.remote.server.grpc.sdk.max-inbound-message-size' property instead 'nacos.remote.server.grpc.maxinbound.message.size', now property value is 10485760

2025-09-04 15:17:58,510 INFO Ssl Context auto refresh is not supported.

2025-09-04 15:17:58,511 INFO Ssl Context auto refresh is not supported.

2025-09-04 15:17:58,511 INFO RpcServerSslContextRefresher initialization completed.

2025-09-04 15:17:58,512 INFO Nacos GrpcSdkServer Rpc server started at port 9848

2025-09-04 15:17:58,522 INFO Nacos GrpcClusterServer Rpc server starting at port 9849

2025-09-04 15:17:58,525 WARN Not found ProtocolNegotiatorBuilder for type nacos.remote.cluster.server.rpc.protocol.negotiator.type, will use default type nacos.remote.cluster.server.rpc.protocol.negotiator.type

2025-09-04 15:17:58,527 WARN Recommended use 'nacos.remote.server.grpc.cluster.max-inbound-message-size' property instead 'nacos.remote.server.grpc.maxinbound.message.size', now property value is 10485760

2025-09-04 15:17:58,533 INFO Nacos GrpcClusterServer Rpc server started at port 9849

2025-09-04 15:17:58,547 INFO [ClientConnectionEventListenerRegistry] registry listener - RpcAckCallbackInitorOrCleaner

2025-09-04 15:17:58,645 INFO [ClientConnectionEventListenerRegistry] registry listener - ConnectionBasedClientManager

2025-09-04 15:18:01,341 INFO [ClientConnectionEventListenerRegistry] registry listener - AiConnectionBasedClientManager

2025-09-04 15:18:14,757 INFO nacos has been loaded, class: com.alibaba.nacos.core.remote.grpc.ConnectionGeneratorServiceImpl

2025-09-04 15:36:48,610 INFO Nacos GrpcClusterServer Rpc server stopping

2025-09-04 15:36:48,616 INFO Nacos GrpcSdkServer Rpc server stopping

2025-09-04 15:36:48,646 INFO Nacos GrpcClusterServer Rpc server stopped successfully...

2025-09-04 15:36:48,646 INFO Nacos GrpcSdkServer Rpc server stopped successfully...

